
SQL*Loader: Release 11.2.0.1.0 - Production on Wed Oct 21 20:16:44 2015

Copyright (c) 1982, 2009, Oracle and/or its affiliates.  All rights reserved.

Control File:   mw_tmp_trans.ctl
Data File:      C:\Projects\svn\ninja-batch-jobs\Batch_Add_Delete_SOC\ADD.SMS+.nlw0928.hebi8263.21.10.2015.txt
  Bad File:     ADD.SMS+.nlw0928.hebi8263.21.10.2015.bad
  Discard File:  none specified
 
 (Allow all discards)

Number to load: ALL
Number to skip: 0
Errors allowed: 50
Bind array:     64 rows, maximum of 256000 bytes
Continuation:    none specified
Path used:      Conventional

Table MW_TMP_TRANS, loaded from every logical record.
Insert option in effect for this table: APPEND
TRAILING NULLCOLS option in effect

   Column Name                  Position   Len  Term Encl Datatype
------------------------------ ---------- ----- ---- ---- ---------------------
SUBSCRIBER_NO                       FIRST     *   ;  O(") CHARACTER            
SOC                                  NEXT     *   ;  O(") CHARACTER            
ACTION                               NEXT     *   ;  O(") CHARACTER            
FEATURE                              NEXT     *   ;  O(") CHARACTER            
PARAMETER                            NEXT     *   ;  O(") CHARACTER            
PARM_VALUE                           NEXT     *   ;  O(") CHARACTER            
REQUEST_ID                           NEXT     *   ;  O(") CHARACTER            
MEMO_TEXT                            NEXT     *   ;  O(") CHARACTER            
FEATURE2                             NEXT     *   ;  O(") CHARACTER            
PARAMETER2                           NEXT     *   ;  O(") CHARACTER            
PARM_VALUE2                          NEXT     *   ;  O(") CHARACTER            
FEATURE3                             NEXT     *   ;  O(") CHARACTER            
PARAMETER3                           NEXT     *   ;  O(") CHARACTER            
PARM_VALUE3                          NEXT     *   ;  O(") CHARACTER            
FEATURE4                             NEXT     *   ;  O(") CHARACTER            
PARAMETER4                           NEXT     *   ;  O(") CHARACTER            
PARM_VALUE4                          NEXT     *   ;  O(") CHARACTER            
DEALER_CODE                          NEXT     *   ;  O(") CHARACTER            
SALES_AGENT                          NEXT     *   ;  O(") CHARACTER            

value used for ROWS parameter changed from 64 to 52

Table MW_TMP_TRANS:
  146 Rows successfully loaded.
  0 Rows not loaded due to data errors.
  0 Rows not loaded because all WHEN clauses were failed.
  0 Rows not loaded because all fields were null.


Space allocated for bind array:                 254904 bytes(52 rows)
Read   buffer bytes: 1048576

Total logical records skipped:          0
Total logical records read:           146
Total logical records rejected:         0
Total logical records discarded:        0

Run began on Wed Oct 21 20:16:44 2015
Run ended on Wed Oct 21 20:16:50 2015

Elapsed time was:     00:00:05.95
CPU time was:         00:00:00.14
