
SQL*Loader: Release 19.0.0.0.0 - Production on Fri Oct 1 13:18:05 2021
Version 19.3.0.0.0

Copyright (c) 1982, 2019, Oracle and/or its affiliates.  All rights reserved.

Control File:   hgu_tmp_clone.ctl
Character Set UTF8 specified for all input.

Data File:      2021-10-01.yau.txt
  Bad File:     2021-10-01.yau.bad
  Discard File:  none specified
 
 (Allow all discards)

Number to load: ALL
Number to skip: 0
Errors allowed: 50
Bind array:     250 rows, maximum of 1048576 bytes
Continuation:    none specified
Path used:      Conventional

Table HGU_TMP_CLONE, loaded from every logical record.
Insert option in effect for this table: APPEND
TRAILING NULLCOLS option in effect

   Column Name                  Position   Len  Term Encl Datatype
------------------------------ ---------- ----- ---- ---- ---------------------
SUBSCRIBER_NO                       FIRST     *   ;  O(") CHARACTER            
SOC_OLD                              NEXT     *   ;  O(") CHARACTER            
SOC_NEW                              NEXT     *   ;  O(") CHARACTER            
REQUEST_TIME                         NEXT     *   ;  O(") DATE YYYY-MM-DD HH24:MI
REQUEST_ID                           NEXT     *   ;  O(") CHARACTER            
MEMO_TEXT                            NEXT     *   ;  O(") CHARACTER            


Table HGU_TMP_CLONE:
  23 Rows successfully loaded.
  0 Rows not loaded due to data errors.
  0 Rows not loaded because all WHEN clauses were failed.
  0 Rows not loaded because all fields were null.


Space allocated for bind array:                 387000 bytes(250 rows)
Read   buffer bytes: 1048576

Total logical records skipped:          0
Total logical records read:            23
Total logical records rejected:         0
Total logical records discarded:        0

Run began on Fri Oct 01 13:18:05 2021
Run ended on Fri Oct 01 13:18:07 2021

Elapsed time was:     00:00:02.11
CPU time was:         00:00:00.04
