
SQL*Loader: Release 19.0.0.0.0 - Production on Thu Sep 9 15:40:16 2021
Version 19.3.0.0.0

Copyright (c) 1982, 2019, Oracle and/or its affiliates.  All rights reserved.

Control File:   hgu_runloader.ctl
Character Set UTF8 specified for all input.

Data File:      2021-09-09.vic.txt
  Bad File:     hgu_runloader.bad
  Discard File:  none specified
 
 (Allow all discards)

Number to load: ALL
Number to skip: 0
Errors allowed: 50
Bind array:     250 rows, maximum of 1048576 bytes
Continuation:    none specified
Path used:      Conventional

Table BATCH_ADDRESS_UPDATE, loaded from every logical record.
Insert option in effect for this table: APPEND
TRAILING NULLCOLS option in effect

   Column Name                  Position   Len  Term Encl Datatype
------------------------------ ---------- ----- ---- ---- ---------------------
BAN                                 FIRST     *   ;  O(") CHARACTER            
SUBSCRIBER_NO                        NEXT     *   ;  O(") CHARACTER            
LINK_TYPE                            NEXT     *   ;  O(") CHARACTER            
ADDRESS_TYPE                         NEXT     *   ;  O(") CHARACTER            
ACCOMMODATION_TYPE                   NEXT     *   ;  O(") CHARACTER            
AREA_DISTRICT                        NEXT     *   ;  O(") CHARACTER            
CITY                                 NEXT     *   ;  O(") CHARACTER            
COUNTRY_CODE                         NEXT     *   ;  O(") CHARACTER            
CO_NAME                              NEXT     *   ;  O(") CHARACTER            
DIRECTION                            NEXT     *   ;  O(") CHARACTER            
DOOR_NUMBER                          NEXT     *   ;  O(") CHARACTER            
EMAIL                                NEXT     *   ;  O(") CHARACTER            
FLOOR_NUMBER                         NEXT     *   ;  O(") CHARACTER            
HOUSE_LETTER                         NEXT     *   ;  O(") CHARACTER            
HOUSE_NUMBER                         NEXT     *   ;  O(") CHARACTER            
POB                                  NEXT     *   ;  O(") CHARACTER            
POB_NAME                             NEXT     *   ;  O(") CHARACTER            
SINCE_DATE                           NEXT     *   ;  O(") CHARACTER            
STREET_NAME                          NEXT     *   ;  O(") CHARACTER            
ZIP_CODE                             NEXT     *   ;  O(") CHARACTER            
ENTER_TIME                           NEXT     *   ;  O(") CHARACTER            
REQUEST_TIME                         NEXT     *   ;  O(") CHARACTER            
REQUESTOR_ID                         NEXT     *   ;  O(") CHARACTER            
PROCESS_TIME                         NEXT     *   ;  O(") CHARACTER            
PROCESS_STATUS                       NEXT     *   ;  O(") CHARACTER            
STATUS_DESC                          NEXT     *   ;  O(") CHARACTER            

value used for ROWS parameter changed from 250 to 156

Table BATCH_ADDRESS_UPDATE:
  29 Rows successfully loaded.
  0 Rows not loaded due to data errors.
  0 Rows not loaded because all WHEN clauses were failed.
  0 Rows not loaded because all fields were null.


Space allocated for bind array:                1046448 bytes(156 rows)
Read   buffer bytes: 1048576

Total logical records skipped:          0
Total logical records read:            29
Total logical records rejected:         0
Total logical records discarded:        0

Run began on Thu Sep 09 15:40:16 2021
Run ended on Thu Sep 09 15:40:18 2021

Elapsed time was:     00:00:01.29
CPU time was:         00:00:00.05
