
SQL*Loader: Release 11.2.0.1.0 - Production on Tue Jan 19 17:24:18 2016

Copyright (c) 1982, 2009, Oracle and/or its affiliates.  All rights reserved.

Control File:   load.ctl
Data File:      C:\Projects\svn\ninja-batch-jobs\Ban_Tree_Manipulator\Ban.Tree.Manipulator.NLW0928.AWG.19.01.2016.restrows.txt
  Bad File:     bad.txt
  Discard File:  none specified
 
 (Allow all discards)

Number to load: ALL
Number to skip: 0
Errors allowed: 0
Bind array:     64 rows, maximum of 256000 bytes
Continuation:    none specified
Path used:      Conventional

Table BATCH_TREE_ACTIVITIES, loaded from every logical record.
Insert option in effect for this table: APPEND
TRAILING NULLCOLS option in effect

   Column Name                  Position   Len  Term Encl Datatype
------------------------------ ---------- ----- ---- ---- ---------------------
NODE_BAN                            FIRST     *   ;  O(") CHARACTER            
ACTION_CODE                          NEXT     *   ;  O(") CHARACTER            
PARENT_BAN                           NEXT     *   ;  O(") CHARACTER            
REQUEST_ID                           NEXT     *   ;  O(") CHARACTER            
PROCESS_STATUS                                            CONSTANT
    Value is 'IN_PROGRESS'
RECORD_CREATION_DATE                                      SYSDATE


Table BATCH_TREE_ACTIVITIES:
  291 Rows successfully loaded.
  0 Rows not loaded due to data errors.
  0 Rows not loaded because all WHEN clauses were failed.
  0 Rows not loaded because all fields were null.


Space allocated for bind array:                  66816 bytes(64 rows)
Read   buffer bytes: 1048576

Total logical records skipped:          0
Total logical records read:           291
Total logical records rejected:         0
Total logical records discarded:        0

Run began on Tue Jan 19 17:24:18 2016
Run ended on Tue Jan 19 17:24:22 2016

Elapsed time was:     00:00:04.38
CPU time was:         00:00:00.07
