
SQL*Loader: Release 9.2.0.4.0 - Production on Thu Jun 9 13:07:31 2011

Copyright (c) 1982, 2002, Oracle Corporation.  All rights reserved.

Control File:   batch_publishlevel_update.ctl
Data File:      PubLvl.TrigCom-comp2.bb_09-06-11.2011-06-09.txt
  Bad File:     PubLvl.TrigCom-comp2.bb_09-06-11.2011-06-09.bad
  Discard File:  none specified

 (Allow all discards)

Number to load: ALL
Number to skip: 0
Errors allowed: 50
Bind array:     64 rows, maximum of 256000 bytes
Continuation:    none specified
Path used:      Conventional

Table BATCH_PUBLISHLEVEL_UPDATE, loaded from every logical record.
Insert option in effect for this table: APPEND
TRAILING NULLCOLS option in effect

   Column Name                  Position   Len  Term Encl Datatype
------------------------------ ---------- ----- ---- ---- ---------------------
TRANSACTION_NUMBER                  FIRST     *   ;  O(") CHARACTER
SUBSCRIBER_NO                        NEXT     *   ;  O(") CHARACTER
PUBLISH_LEVEL                        NEXT     *   ;  O(") CHARACTER
PROCESS_STATUS                       NEXT     *   ;  O(") CHARACTER
PROCESS_TIME                         NEXT     *   ;  O(") CHARACTER
STATUS_DESC                          NEXT     *   ;  O(") CHARACTER
RECORD_CREATION_DATE                 NEXT     *   ;  O(") CHARACTER
REQUEST_ID                           NEXT     *   ;  O(") CHARACTER
REQUEST_USER_ID                      NEXT     *   ;  O(") CHARACTER


Table BATCH_PUBLISHLEVEL_UPDATE:
  519 Rows successfully loaded.
  0 Rows not loaded due to data errors.
  0 Rows not loaded because all WHEN clauses were failed.
  0 Rows not loaded because all fields were null.


Space allocated for bind array:                 148608 bytes(64 rows)
Read   buffer bytes: 1048576

Total logical records skipped:          0
Total logical records read:           519
Total logical records rejected:         0
Total logical records discarded:        0

Run began on Thu Jun 09 13:07:31 2011
Run ended on Thu Jun 09 13:07:32 2011

Elapsed time was:     00:00:00.39
CPU time was:         00:00:00.05
