
SQL*Loader: Release 8.1.7.0.0 - Production on Mon Oct 23 12:01:57 2006

(c) Copyright 2000 Oracle Corporation.  All rights reserved.

Control File:   pptbk_subs.ctl
Data File:      psub.mlj.2006-10-23.txt
  Bad File:     psub.mlj.2006-10-23.bad
  Discard File:  none specified

 (Allow all discards)

Number to load: ALL
Number to skip: 0
Errors allowed: 50
Bind array:     64 rows, maximum of 65536 bytes
Continuation:    none specified
Path used:      Conventional

Table MW_TMP_PPTBK_SUBS, loaded from every logical record.
Insert option in effect for this table: APPEND
TRAILING NULLCOLS option in effect

   Column Name                  Position   Len  Term Encl Datatype
------------------------------ ---------- ----- ---- ---- ---------------------
SUBSCRIBER_NO                       FIRST     *   ;  O(") CHARACTER
NEW_PRICEPLAN                        NEXT     *   ;  O(") CHARACTER
SUB_VPN_CODE                         NEXT     *   ;  O(") CHARACTER
SUB_CUG_CODE                         NEXT     *   ;  O(") CHARACTER
SUB_TB_SOC                           NEXT     *   ;  O(") CHARACTER

Record 74: Rejected - Error on table MW_TMP_PPTBK_SUBS.
ORA-00001: unique constraint (NINJATEAM.TMP_MW_TB_IDX1) violated

Record 166: Rejected - Error on table MW_TMP_PPTBK_SUBS.
ORA-00001: unique constraint (NINJATEAM.TMP_MW_TB_IDX1) violated


Table MW_TMP_PPTBK_SUBS:
  190 Rows successfully loaded.
  2 Rows not loaded due to data errors.
  0 Rows not loaded because all WHEN clauses were failed.
  0 Rows not loaded because all fields were null.


Space allocated for bind array:                  64500 bytes(50 rows)
Space allocated for memory besides bind array:        0 bytes

Total logical records skipped:          0
Total logical records read:           192
Total logical records rejected:         2
Total logical records discarded:        0

Run began on Mon Oct 23 12:01:57 2006
Run ended on Mon Oct 23 12:01:57 2006

Elapsed time was:     00:00:00.37
CPU time was:         00:00:00.01
