
SQL*Loader: Release 19.0.0.0.0 - Production on Tue Jun 15 12:40:00 2021
Version 19.3.0.0.0

Copyright (c) 1982, 2019, Oracle and/or its affiliates.  All rights reserved.

Control File:   batch_status_change.ctl
Character Set UTF8 specified for all input.

Data File:      2021-06-15.linn.txt
  Bad File:     2021-06-15.linn.bad
  Discard File:  none specified
 
 (Allow all discards)

Number to load: ALL
Number to skip: 0
Errors allowed: 0
Bind array:     250 rows, maximum of 1048576 bytes
Continuation:    none specified
Path used:      Conventional

Table NINJA_SUB_CHANGE_STATUS, loaded from every logical record.
Insert option in effect for this table: APPEND
TRAILING NULLCOLS option in effect

   Column Name                  Position   Len  Term Encl Datatype
------------------------------ ---------- ----- ---- ---- ---------------------
SUBSCRIBER_NO                       FIRST     *   ;  O(") CHARACTER            
ACTION_CODE                          NEXT     *   ;  O(") CHARACTER            
DEALER_CODE                          NEXT     *   ;  O(") CHARACTER            
MEMO_TEXT                            NEXT     *   ;  O(") CHARACTER            
REASON_CODE                          NEXT     *   ;  O(") CHARACTER            
FEE_WAIVER_CODE                      NEXT     *   ;  O(") CHARACTER            
ENTER_TIME                           NEXT     *   ;  O(") CHARACTER            
REQUEST_TIME                         NEXT     *   ;  O(") DATE YYYY-MM-DD HH24:MI
PRIORITY                             NEXT     *   ;  O(") CHARACTER            
PROCESS_TIME                         NEXT     *   ;  O(") CHARACTER            
PROCESS_STATUS                       NEXT     *   ;  O(") CHARACTER            
STATUS_DESC                          NEXT     *   ;  O(") CHARACTER            
REQUEST_REFERENCE_ID                 NEXT     *   ;  O(") CHARACTER            
RELEASE_CTN                          NEXT     *   ;  O(") CHARACTER            
PREPAID_USER                         NEXT     *   ;  O(") CHARACTER            
HLR_STREAM                           NEXT     *   ;  O(") CHARACTER            


Table NINJA_SUB_CHANGE_STATUS:
  556 Rows successfully loaded.
  0 Rows not loaded due to data errors.
  0 Rows not loaded because all WHEN clauses were failed.
  0 Rows not loaded because all fields were null.


Space allocated for bind array:                1032000 bytes(250 rows)
Read   buffer bytes: 1048576

Total logical records skipped:          0
Total logical records read:           556
Total logical records rejected:         0
Total logical records discarded:        0

Run began on Tue Jun 15 12:40:00 2021
Run ended on Tue Jun 15 12:40:03 2021

Elapsed time was:     00:00:02.70
CPU time was:         00:00:00.08
