
SQL*Loader: Release 11.2.0.1.0 - Production on Tue Oct 30 14:31:50 2018

Copyright (c) 1982, 2009, Oracle and/or its affiliates.  All rights reserved.

Control File:   batch_pni.ctl
Data File:      C:\Projects\svn\ninja-batch-jobs\Batch_PNI_Creation\2018-10-29.mbn.txt
  Bad File:     2018-10-29.mbn.bad
  Discard File:  none specified
 
 (Allow all discards)

Number to load: ALL
Number to skip: 0
Errors allowed: 50
Bind array:     64 rows, maximum of 256000 bytes
Continuation:    none specified
Path used:      Conventional

Table BATCH_PNI_CREATION, loaded from every logical record.
Insert option in effect for this table: APPEND
TRAILING NULLCOLS option in effect

   Column Name                  Position   Len  Term Encl Datatype
------------------------------ ---------- ----- ---- ---- ---------------------
COMPANY_NAME                        FIRST     *   ;  O(") CHARACTER            
ACTION_CODE                          NEXT     *   ;  O(") CHARACTER            
PNI_TYPE                             NEXT     *   ;  O(") CHARACTER            
MEMBER_COUNT                         NEXT     *   ;  O(") CHARACTER            
    SQL string for column : "DECODE(:member_count, null, 999999999, :member_count)"
REQUEST_ID                           NEXT     *   ;  O(") CHARACTER            
PROCESS_STATUS                       NEXT     *   ;  O(") CHARACTER            
    SQL string for column : "DECODE(:process_status, null, 'WAITING', :process_status)"
STATUS_DESC                          NEXT     *   ;  O(") CHARACTER            
PNI_CODE                             NEXT     *   ;  O(") CHARACTER            
ENTER_TIME                           NEXT     *   ;  O(") CHARACTER            
REQUEST_TIME                         NEXT     *   ;  O(") DATE YYYY-MM-DD HH24:MI
PROCESS_TIME                         NEXT     *   ;  O(") CHARACTER            


Table BATCH_PNI_CREATION:
  940 Rows successfully loaded.
  0 Rows not loaded due to data errors.
  0 Rows not loaded because all WHEN clauses were failed.
  0 Rows not loaded because all fields were null.


Space allocated for bind array:                 181632 bytes(64 rows)
Read   buffer bytes: 1048576

Total logical records skipped:          0
Total logical records read:           940
Total logical records rejected:         0
Total logical records discarded:        0

Run began on Tue Oct 30 14:31:50 2018
Run ended on Tue Oct 30 14:31:51 2018

Elapsed time was:     00:00:00.20
CPU time was:         00:00:00.02
