
SQL*Loader: Release 9.2.0.4.0 - Production on Tue Jan 25 15:30:30 2011

Copyright (c) 1982, 2002, Oracle Corporation.  All rights reserved.

Control File:   hgu_tmp_trans.ctl
Data File:      Add.insurnap.ekr.2011-01-25.txt
  Bad File:     Add.insurnap.ekr.2011-01-25.bad
  Discard File:  none specified

 (Allow all discards)

Number to load: ALL
Number to skip: 0
Errors allowed: 50
Bind array:     64 rows, maximum of 256000 bytes
Continuation:    none specified
Path used:      Conventional

Table HGU_TMP_TRANS, loaded from every logical record.
Insert option in effect for this table: APPEND
TRAILING NULLCOLS option in effect

   Column Name                  Position   Len  Term Encl Datatype
------------------------------ ---------- ----- ---- ---- ---------------------
SUBSCRIBER_NO                       FIRST     *   ;  O(") CHARACTER
SOC                                  NEXT     *   ;  O(") CHARACTER
ACTION                               NEXT     *   ;  O(") CHARACTER
REQUEST_TIME                         NEXT     *   ;  O(") DATE YYYY-MM-DD HH24:MI
PRIORITY                             NEXT     *   ;  O(") CHARACTER
REQUEST_ID                           NEXT     *   ;  O(") CHARACTER
MEMO_TEXT                            NEXT     *   ;  O(") CHARACTER


Table HGU_TMP_TRANS:
  213 Rows successfully loaded.
  0 Rows not loaded due to data errors.
  0 Rows not loaded because all WHEN clauses were failed.
  0 Rows not loaded because all fields were null.


Space allocated for bind array:                 115584 bytes(64 rows)
Read   buffer bytes: 1048576

Total logical records skipped:          0
Total logical records read:           213
Total logical records rejected:         0
Total logical records discarded:        0

Run began on Tue Jan 25 15:30:30 2011
Run ended on Tue Jan 25 15:30:32 2011

Elapsed time was:     00:00:02.22
CPU time was:         00:00:00.03
