
SQL*Loader: Release 11.2.0.1.0 - Production on Wed Sep 28 10:10:22 2016

Copyright (c) 1982, 2009, Oracle and/or its affiliates.  All rights reserved.

Control File:   batch_chg_pp_trans.ctl
Data File:      C:\Projects\svn\ninja-batch-jobs\Batch_Change_PP_with_Socs\btl.2016-09-28.afd.txt
  Bad File:     btl.2016-09-28.afd.bad
  Discard File:  none specified
 
 (Allow all discards)

Number to load: ALL
Number to skip: 0
Errors allowed: 0
Bind array:     64 rows, maximum of 256000 bytes
Continuation:    none specified
Path used:      Conventional

Table "NINJADATA"."BATCH_CHANGE_PRICEPLAN", loaded from every logical record.
Insert option in effect for this table: APPEND
TRAILING NULLCOLS option in effect

   Column Name                  Position   Len  Term Encl Datatype
------------------------------ ---------- ----- ---- ---- ---------------------
SUBSCRIBER_NO                       FIRST     *   ;  O(") CHARACTER            
OLD_PRICEPLAN                        NEXT     *   ;  O(") CHARACTER            
NEW_PRICEPLAN                        NEXT     *   ;  O(") CHARACTER            
NEW_CAMPAIGN_CODE                    NEXT     *   ;  O(") CHARACTER            
NEW_SUBSCRIPTION_TYPE                NEXT     *   ;  O(") CHARACTER            
HANDLE_COMMITMENT                    NEXT     *   ;  O(") CHARACTER            
SOCS_TO_ADD                          NEXT     *   ;  O(") CHARACTER            
SOCS_TO_DELETE                       NEXT     *   ;  O(") CHARACTER            
EFFECTIVE_DATE                       NEXT     *   ;  O(") DATE YYYY-MM-DD HH24:MI
DEALER                               NEXT     *   ;  O(") CHARACTER            
SALES_AGENT                          NEXT     *   ;  O(") CHARACTER            
REASON_CODE                          NEXT     *   ;  O(") CHARACTER            
MEMO_TEXT                            NEXT     *   ;  O(") CHARACTER            
WAIVE_FEES                           NEXT     *   ;  O(") CHARACTER            
ENTER_TIME                           NEXT     *   ;  O(") CHARACTER            
REQUEST_TIME                         NEXT     *   ;  O(") DATE YYYY-MM-DD HH24:MI
PROCESS_TIME                         NEXT     *   ;  O(") CHARACTER            
PROCESS_STATUS                       NEXT     *   ;  O(") CHARACTER            
STATUS_DESC                          NEXT     *   ;  O(") CHARACTER            
REQUESTOR_ID                         NEXT     *   ;  O(") CHARACTER            
SKIP_NINJA_VALIDATION                NEXT     *   ;  O(") CHARACTER            

value used for ROWS parameter changed from 64 to 47

Table "NINJADATA"."BATCH_CHANGE_PRICEPLAN":
  6608 Rows successfully loaded.
  0 Rows not loaded due to data errors.
  0 Rows not loaded because all WHEN clauses were failed.
  0 Rows not loaded because all fields were null.


Space allocated for bind array:                 254646 bytes(47 rows)
Read   buffer bytes: 1048576

Total logical records skipped:          0
Total logical records read:          6608
Total logical records rejected:         0
Total logical records discarded:        0

Run began on Wed Sep 28 10:10:22 2016
Run ended on Wed Sep 28 10:10:26 2016

Elapsed time was:     00:00:03.30
CPU time was:         00:00:00.27
