
SQL*Loader: Release 19.0.0.0.0 - Production on Fri Apr 22 13:22:48 2022
Version 19.3.0.0.0

Copyright (c) 1982, 2019, Oracle and/or its affiliates.  All rights reserved.

Control File:   batch_socs.ctl
Character Set UTF8 specified for all input.

Data File:      2022-04-22.Chilimobil.Delete.SPVOCxx.txt
  Bad File:     2022-04-22.Chilimobil.Delete.SPVOCxx.bad
  Discard File:  none specified
 
 (Allow all discards)

Number to load: ALL
Number to skip: 0
Errors allowed: 0
Bind array:     250 rows, maximum of 1048576 bytes
Continuation:    none specified
Path used:      Conventional

Table "NINJADATA"."BATCH_SOCS", loaded from every logical record.
Insert option in effect for this table: APPEND
TRAILING NULLCOLS option in effect

   Column Name                  Position   Len  Term Encl Datatype
------------------------------ ---------- ----- ---- ---- ---------------------
BAN                                 FIRST     *   ;  O(") CHARACTER            
SUBSCRIBER_NO                        NEXT     *   ;  O(") CHARACTER            
ADD_SOCS                             NEXT     *   ;  O(") CHARACTER            
MODIFY_SOCS                          NEXT     *   ;  O(") CHARACTER            
DELETE_SOCS                          NEXT     *   ;  O(") CHARACTER            
CHK_PRICEPLAN                        NEXT     *   ;  O(") CHARACTER            
DEALER_CODE                          NEXT     *   ;  O(") CHARACTER            
SALES_AGENT                          NEXT     *   ;  O(") CHARACTER            
MEMO_TEXT                            NEXT     *   ;  O(") CHARACTER            
OPERATOR_ID                          NEXT     *   ;  O(") CHARACTER            
REQUEST_ID                           NEXT     *   ;  O(") CHARACTER            
WAIVE_ACT_FEE                        NEXT     *   ;  O(") CHARACTER            
REQUEST_TIME                         NEXT     *   ;  O(") DATE YYYY-MM-DD HH24:MI


Table "NINJADATA"."BATCH_SOCS":
  379 Rows successfully loaded.
  0 Rows not loaded due to data errors.
  0 Rows not loaded because all WHEN clauses were failed.
  0 Rows not loaded because all fields were null.


Space allocated for bind array:                 838500 bytes(250 rows)
Read   buffer bytes: 1048576

Total logical records skipped:          0
Total logical records read:           379
Total logical records rejected:         0
Total logical records discarded:        0

Run began on Fri Apr 22 13:22:48 2022
Run ended on Fri Apr 22 13:22:49 2022

Elapsed time was:     00:00:01.78
CPU time was:         00:00:00.04
