
SQL*Loader: Release 8.1.7.0.0 - Production on Wed Jul 12 08:34:15 2006

(c) Copyright 2000 Oracle Corporation.  All rights reserved.

Control File:   load.txt
Data File:      Adj.korfak.csk.2006-07-11.txt
  Bad File:     bad.txt
  Discard File:  none specified

 (Allow all discards)

Number to load: ALL
Number to skip: 0
Errors allowed: 50
Bind array:     64 rows, maximum of 65536 bytes
Continuation:    none specified
Path used:      Conventional

Table BATCH_ADJUSTMENT_ADDITION, loaded from every logical record.
Insert option in effect for this table: APPEND
TRAILING NULLCOLS option in effect

   Column Name                  Position   Len  Term Encl Datatype
------------------------------ ---------- ----- ---- ---- ---------------------
BAN_NO                              FIRST     *   ;  O(") CHARACTER
SUBSCRIBER_NO                        NEXT     *   ;  O(") CHARACTER
ADJUSTMENT_CODE                      NEXT     *   ;  O(") CHARACTER
MEMO_TEXT                            NEXT     *   ;  O(") CHARACTER
USER_BILL_TEXT                       NEXT     *   ;  O(") CHARACTER
AMOUNT                               NEXT     *   ;  O(") CHARACTER
PROCESS_STATUS                       NEXT     *   ;  O(") CHARACTER
PROCESS_TIME                         NEXT     *   ;  O(") CHARACTER
STATUS_DESC                          NEXT     *   ;  O(") CHARACTER
RECORD_CREATION_DATE                 NEXT     *   ;  O(") CHARACTER
REQUEST_ID                           NEXT     *   ;  O(") CHARACTER
STREAM                               NEXT     *   ;  O(") CHARACTER
REQUEST_USER_ID                      NEXT     *   ;  O(") CHARACTER
EFFECTIVE_DATE                       NEXT     *   ;  O(") CHARACTER

Record 140: Discarded - all columns null.

Table BATCH_ADJUSTMENT_ADDITION:
  139 Rows successfully loaded.
  0 Rows not loaded due to data errors.
  0 Rows not loaded because all WHEN clauses were failed.
  1 Row not loaded because all fields were null.


Space allocated for bind array:                  65016 bytes(18 rows)
Space allocated for memory besides bind array:        0 bytes

Total logical records skipped:          0
Total logical records read:           140
Total logical records rejected:         0
Total logical records discarded:        1

Run began on Wed Jul 12 08:34:15 2006
Run ended on Wed Jul 12 08:34:15 2006

Elapsed time was:     00:00:00.39
CPU time was:         00:00:00.04
