
SQL*Loader: Release 8.1.7.0.0 - Production on Wed Aug 2 15:38:51 2006

(c) Copyright 2000 Oracle Corporation.  All rights reserved.

Control File:   load.txt
Data File:      Ajd.korfak.krf.2006-08-02.txt
  Bad File:     bad.txt
  Discard File:  none specified

 (Allow all discards)

Number to load: ALL
Number to skip: 0
Errors allowed: 50
Bind array:     64 rows, maximum of 65536 bytes
Continuation:    none specified
Path used:      Conventional

Table BATCH_ADJUSTMENT_ADDITION, loaded from every logical record.
Insert option in effect for this table: APPEND
TRAILING NULLCOLS option in effect

   Column Name                  Position   Len  Term Encl Datatype
------------------------------ ---------- ----- ---- ---- ---------------------
BAN_NO                              FIRST     *   ;  O(") CHARACTER
SUBSCRIBER_NO                        NEXT     *   ;  O(") CHARACTER
ADJUSTMENT_CODE                      NEXT     *   ;  O(") CHARACTER
MEMO_TEXT                            NEXT     *   ;  O(") CHARACTER
USER_BILL_TEXT                       NEXT     *   ;  O(") CHARACTER
AMOUNT                               NEXT     *   ;  O(") CHARACTER
PROCESS_STATUS                       NEXT     *   ;  O(") CHARACTER
PROCESS_TIME                         NEXT     *   ;  O(") CHARACTER
STATUS_DESC                          NEXT     *   ;  O(") CHARACTER
RECORD_CREATION_DATE                 NEXT     *   ;  O(") CHARACTER
REQUEST_ID                           NEXT     *   ;  O(") CHARACTER
STREAM                               NEXT     *   ;  O(") CHARACTER
REQUEST_USER_ID                      NEXT     *   ;  O(") CHARACTER
EFFECTIVE_DATE                       NEXT     *   ;  O(") CHARACTER


Table BATCH_ADJUSTMENT_ADDITION:
  95 Rows successfully loaded.
  0 Rows not loaded due to data errors.
  0 Rows not loaded because all WHEN clauses were failed.
  0 Rows not loaded because all fields were null.


Space allocated for bind array:                  65016 bytes(18 rows)
Space allocated for memory besides bind array:        0 bytes

Total logical records skipped:          0
Total logical records read:            95
Total logical records rejected:         0
Total logical records discarded:        0

Run began on Wed Aug 02 15:38:51 2006
Run ended on Wed Aug 02 15:38:52 2006

Elapsed time was:     00:00:00.55
CPU time was:         00:00:00.02
