
SQL*Loader: Release 19.0.0.0.0 - Production on Mon Sep 26 10:59:30 2022
Version 19.3.0.0.0

Copyright (c) 1982, 2019, Oracle and/or its affiliates.  All rights reserved.

Control File:   batch_bans_activity.ctl
Character Set UTF8 specified for all input.

Data File:      2022-09-26.hagu1198.02.close.txt
  Bad File:     2022-09-26.hagu1198.02.close.bad
  Discard File:  none specified
 
 (Allow all discards)

Number to load: ALL
Number to skip: 0
Errors allowed: 0
Bind array:     250 rows, maximum of 1048576 bytes
Continuation:    none specified
Path used:      Conventional

Table "NINJADATA"."BATCH_BANS_ACTIVITY", loaded from every logical record.
Insert option in effect for this table: APPEND
TRAILING NULLCOLS option in effect

   Column Name                  Position   Len  Term Encl Datatype
------------------------------ ---------- ----- ---- ---- ---------------------
BAN_NO                              FIRST     *   ;  O(") CHARACTER            
ACTION                               NEXT     *   ;  O(") CHARACTER            
REASON_CODE                          NEXT     *   ;  O(") CHARACTER            
ACTIVITY_DATE                        NEXT     *   ;  O(") DATE YYYY-MM-DD HH24:MI
MEMO_TEXT                            NEXT     *   ;  O(") CHARACTER            
REQUEST_ID                           NEXT     *   ;  O(") CHARACTER            
STREAM                               NEXT     *   ;  O(") CHARACTER            


Table "NINJADATA"."BATCH_BANS_ACTIVITY":
  1000 Rows successfully loaded.
  0 Rows not loaded due to data errors.
  0 Rows not loaded because all WHEN clauses were failed.
  0 Rows not loaded because all fields were null.


Space allocated for bind array:                 451500 bytes(250 rows)
Read   buffer bytes: 1048576

Total logical records skipped:          0
Total logical records read:          1000
Total logical records rejected:         0
Total logical records discarded:        0

Run began on Mon Sep 26 10:59:30 2022
Run ended on Mon Sep 26 10:59:31 2022

Elapsed time was:     00:00:00.57
CPU time was:         00:00:00.03
