
SQL*Loader: Release 11.2.0.1.0 - Production on To Okt 19 11:42:10 2017

Copyright (c) 1982, 2009, Oracle and/or its affiliates.  All rights reserved.

Kontrolfil:     hgu_runloader.ctl
Datafil:        Batch_Charge_Addition.2017.10.19.02.txt
  BAD-fil:      hgu_runloader.bad
  Discard-fil:  ingen angivet
 
 (Tillad alle discards)

Antal, som skal indlæses:   ALL
Antal, som skal overspringes: 0
Fejl tilladt:   50
Tilknytnings-array:  64 rækker, maksimum 256000 byte
Fortsættelse:    ingen angivet
Sti anvendt:      Konventionel

Tabel BATCH_CHARGE_ADDITION, indlæst fra hver logisk record.
INSERT-valg gældende for denne tabel: APPEND
TRAILING NULLCOLS-valg er aktivt

   Kolonnenavn                  Position   Læn  Afgr Omsl Datatype
------------------------------ ---------- ----- ---- ---- ---------------------
BAN_NO                              FIRST     *   ;  O(") CHARACTER            
SUBSCRIBER_NO                        NEXT     *   ;  O(") CHARACTER            
CHARGE_CODE                          NEXT     *   ;  O(") CHARACTER            
ACTV_REASON_CODE                     NEXT     *   ;  O(") CHARACTER            
AMOUNT                               NEXT     *   ;  O(") CHARACTER            
USER_BILL_TEXT                       NEXT     *   ;  O(") CHARACTER            
MEMO_TEXT                            NEXT     *   ;  O(") CHARACTER            
EFFECTIVE_DATE                       NEXT     *   ;  O(") DATE YYYY-MM-DD HH24:MI
PROCESS_STATUS                       NEXT     *   ;  O(") CHARACTER            
PROCESS_TIME                         NEXT     *   ;  O(") CHARACTER            
STATUS_DESC                          NEXT     *   ;  O(") CHARACTER            
RECORD_CREATION_DATE                 NEXT     *   ;  O(") CHARACTER            
REQUEST_ID                           NEXT     *   ;  O(") CHARACTER            
STREAM                               NEXT     *   ;  O(") CHARACTER            
REQUEST_USER_ID                      NEXT     *   ;  O(") CHARACTER            


Tabel BATCH_CHARGE_ADDITION:
  41 Rækker indlæst uden fejl.
  0 Rækker ikke indlæst pga. datafejl.
  0 Rækker er ikke indlæst, da der var fejl i alle WHEN-klausuler.
  0 Rækker er ikke indlæst, da alle felter var NULL.


Plads allokeret til tilknytnings-array:              247680 byte(64 rækker)
Læsebuffer-byte: 1048576

Samlet antal logiske records, der er oversprunget:         0
Samlet antal logiske records, der er læst:                  41
Samlet antal logiske records, der er afvist:                 0
Samlet antal logiske records, der er kasseret:              0

Udførelse begyndte To Okt 19 11:42:10 2017
Udførelse sluttede To Okt 19 11:42:14 2017

Forløbet tid:     00:00:03.82
CPU-tid:          00:00:00.06
