
SQL*Loader: Release 19.0.0.0.0 - Production on Mon Mar 15 12:16:28 2021
Version 19.3.0.0.0

Copyright (c) 1982, 2019, Oracle and/or its affiliates.  All rights reserved.

Control File:   runloader.ctl
Data File:      2021-03-15.Anders.Bergestuen.txt
  Bad File:     runloader.bad
  Discard File:  none specified
 
 (Allow all discards)

Number to load: ALL
Number to skip: 0
Errors allowed: 50
Bind array:     250 rows, maximum of 1048576 bytes
Continuation:    none specified
Path used:      Conventional

Table BATCH_EMAIL_ADDRESS_UPDATE, loaded from every logical record.
Insert option in effect for this table: APPEND
TRAILING NULLCOLS option in effect

   Column Name                  Position   Len  Term Encl Datatype
------------------------------ ---------- ----- ---- ---- ---------------------
LINK_TYPE                           FIRST     *   ;  O(") CHARACTER            
SUBSCRIBER_NO                        NEXT     *   ;  O(") CHARACTER            
BAN_NO                               NEXT     *   ;  O(") CHARACTER            
EMAIL_ADDRESS                        NEXT     *   ;  O(") CHARACTER            
REQUEST_ID                           NEXT     *   ;  O(") CHARACTER            
REQUEST_USER_ID                      NEXT     *   ;  O(") CHARACTER            


Table BATCH_EMAIL_ADDRESS_UPDATE:
  35 Rows successfully loaded.
  0 Rows not loaded due to data errors.
  0 Rows not loaded because all WHEN clauses were failed.
  0 Rows not loaded because all fields were null.


Space allocated for bind array:                 387000 bytes(250 rows)
Read   buffer bytes: 1048576

Total logical records skipped:          0
Total logical records read:            35
Total logical records rejected:         0
Total logical records discarded:        0

Run began on Mon Mar 15 12:16:28 2021
Run ended on Mon Mar 15 12:16:30 2021

Elapsed time was:     00:00:01.22
CPU time was:         00:00:00.06
