
SQL*Loader: Release 11.2.0.1.0 - Production on Thu Apr 25 08:12:27 2019

Copyright (c) 1982, 2009, Oracle and/or its affiliates.  All rights reserved.

Control File:   load.ctl
Data File:      C:\Projects\svn\ninja-batch-jobs\Batch_Memo_Creator\2019-04-24.Krupali.Parekh.txt
  Bad File:     2019-04-24.Krupali.Parekh.bad
  Discard File:  none specified
 
 (Allow all discards)

Number to load: ALL
Number to skip: 0
Errors allowed: 50
Bind array:     64 rows, maximum of 256000 bytes
Continuation:    none specified
Path used:      Conventional

Table MASTER_MEMO_TRANSACTIONS, loaded from every logical record.
Insert option in effect for this table: APPEND
TRAILING NULLCOLS option in effect

   Column Name                  Position   Len  Term Encl Datatype
------------------------------ ---------- ----- ---- ---- ---------------------
SUBSCRIBER_NO                       FIRST     *   ;  O(") CHARACTER            
BAN_NO                               NEXT     *   ;  O(") CHARACTER            
MEMO_TEXT                            NEXT     *   ;  O(") CHARACTER            
MEMO_SYS_TEXT                        NEXT     *   ;  O(") CHARACTER            
MEMO_TYPE                            NEXT     *   ;  O(") CHARACTER            
SYS_MEM_APPEND                       NEXT     *   ;  O(") CHARACTER            
EXCLUDE_IND                          NEXT     *   ;  O(") CHARACTER            


Table MASTER_MEMO_TRANSACTIONS:
  100 Rows successfully loaded.
  0 Rows not loaded due to data errors.
  0 Rows not loaded because all WHEN clauses were failed.
  0 Rows not loaded because all fields were null.


Space allocated for bind array:                 115584 bytes(64 rows)
Read   buffer bytes: 1048576

Total logical records skipped:          0
Total logical records read:           100
Total logical records rejected:         0
Total logical records discarded:        0

Run began on Thu Apr 25 08:12:27 2019
Run ended on Thu Apr 25 08:12:27 2019

Elapsed time was:     00:00:00.37
CPU time was:         00:00:00.10
