
SQL*Loader: Release 9.2.0.4.0 - Production on Fri Apr 23 10:37:52 2010

Copyright (c) 1982, 2002, Oracle Corporation.  All rights reserved.

Control File:   load.txt
Data File:      Adj.upfr12.nis.2010-04-23.txt
  Bad File:     bad.txt
  Discard File:  none specified

 (Allow all discards)

Number to load: ALL
Number to skip: 0
Errors allowed: 50
Bind array:     64 rows, maximum of 256000 bytes
Continuation:    none specified
Path used:      Conventional

Table BATCH_ADJUSTMENT_ADDITION, loaded from every logical record.
Insert option in effect for this table: APPEND
TRAILING NULLCOLS option in effect

   Column Name                  Position   Len  Term Encl Datatype
------------------------------ ---------- ----- ---- ---- ---------------------
BAN_NO                              FIRST     *   ;  O(") CHARACTER
SUBSCRIBER_NO                        NEXT     *   ;  O(") CHARACTER
ADJUSTMENT_CODE                      NEXT     *   ;  O(") CHARACTER
MEMO_TEXT                            NEXT     *   ;  O(") CHARACTER
USER_BILL_TEXT                       NEXT     *   ;  O(") CHARACTER
AMOUNT                               NEXT     *   ;  O(") CHARACTER
PROCESS_STATUS                       NEXT     *   ;  O(") CHARACTER
PROCESS_TIME                         NEXT     *   ;  O(") CHARACTER
STATUS_DESC                          NEXT     *   ;  O(") CHARACTER
RECORD_CREATION_DATE                 NEXT     *   ;  O(") CHARACTER
REQUEST_ID                           NEXT     *   ;  O(") CHARACTER
STREAM                               NEXT     *   ;  O(") CHARACTER
REQUEST_USER_ID                      NEXT     *   ;  O(") CHARACTER
EFFECTIVE_DATE                       NEXT     *   ;  O(") CHARACTER

Record 1070: Rejected - Error on table BATCH_ADJUSTMENT_ADDITION, column AMOUNT.
ORA-01722: invalid number

Record 1072: Rejected - Error on table BATCH_ADJUSTMENT_ADDITION, column AMOUNT.
ORA-01722: invalid number

Record 1111: Rejected - Error on table BATCH_ADJUSTMENT_ADDITION, column AMOUNT.
ORA-01722: invalid number

Record 1274: Rejected - Error on table BATCH_ADJUSTMENT_ADDITION, column AMOUNT.
ORA-01722: invalid number

Record 1308: Rejected - Error on table BATCH_ADJUSTMENT_ADDITION, column AMOUNT.
ORA-01722: invalid number

Record 1326: Rejected - Error on table BATCH_ADJUSTMENT_ADDITION, column AMOUNT.
ORA-01722: invalid number

Record 1341: Rejected - Error on table BATCH_ADJUSTMENT_ADDITION, column AMOUNT.
ORA-01722: invalid number

Record 1386: Rejected - Error on table BATCH_ADJUSTMENT_ADDITION, column AMOUNT.
ORA-01722: invalid number

Record 1437: Rejected - Error on table BATCH_ADJUSTMENT_ADDITION, column AMOUNT.
ORA-01722: invalid number

Record 1494: Rejected - Error on table BATCH_ADJUSTMENT_ADDITION, column AMOUNT.
ORA-01722: invalid number

Record 1511: Rejected - Error on table BATCH_ADJUSTMENT_ADDITION, column AMOUNT.
ORA-01722: invalid number

Record 1518: Rejected - Error on table BATCH_ADJUSTMENT_ADDITION, column AMOUNT.
ORA-01722: invalid number


Table BATCH_ADJUSTMENT_ADDITION:
  1516 Rows successfully loaded.
  12 Rows not loaded due to data errors.
  0 Rows not loaded because all WHEN clauses were failed.
  0 Rows not loaded because all fields were null.


Space allocated for bind array:                 231168 bytes(64 rows)
Read   buffer bytes: 1048576

Total logical records skipped:          0
Total logical records read:          1528
Total logical records rejected:        12
Total logical records discarded:        0

Run began on Fri Apr 23 10:37:52 2010
Run ended on Fri Apr 23 10:38:02 2010

Elapsed time was:     00:00:09.33
CPU time was:         00:00:00.11
