
SQL*Loader: Release 11.2.0.1.0 - Production on On Nov 8 16:22:41 2017

Copyright (c) 1982, 2009, Oracle and/or its affiliates.  All rights reserved.

Control File:   runloader.ctl
Data File:      Batch_Email_Address_Update.2017.11.08.04.txt
  Bad File:     Batch_Email_Address_Update.bad
  Discard File:  none specified
 
 (Allow all discards)

Number to load: ALL
Number to skip: 0
Errors allowed: 50
Bind array:     64 rows, maximum of 256000 bytes
Continuation:    none specified
Path used:      Conventional

Table "NINJADATA"."BATCH_EMAIL_ADDRESS_UPDATE", loaded from every logical record.
Insert option in effect for this table: APPEND
TRAILING NULLCOLS option in effect

   Column Name                  Position   Len  Term Encl Datatype
------------------------------ ---------- ----- ---- ---- ---------------------
LINK_TYPE                           FIRST     *   ;  O(") CHARACTER            
SUBSCRIBER_NO                        NEXT     *   ;  O(") CHARACTER            
BAN_NO                               NEXT     *   ;  O(") CHARACTER            
EMAIL_ADDRESS                        NEXT     *   ;  O(") CHARACTER            
REQUEST_ID                           NEXT     *   ;  O(") CHARACTER            
REQUEST_USER_ID                      NEXT     *   ;  O(") CHARACTER            


Table "NINJADATA"."BATCH_EMAIL_ADDRESS_UPDATE":
  163 Rows successfully loaded.
  0 Rows not loaded due to data errors.
  0 Rows not loaded because all WHEN clauses were failed.
  0 Rows not loaded because all fields were null.


Space allocated for bind array:                  99072 bytes(64 rows)
Read   buffer bytes: 1048576

Total logical records skipped:          0
Total logical records read:           163
Total logical records rejected:         0
Total logical records discarded:        0

Run began on On Nov 08 16:22:41 2017
Run ended on On Nov 08 16:22:45 2017

Elapsed time was:     00:00:04.27
CPU time was:         00:00:00.06
