
SQL*Loader: Release 9.2.0.4.0 - Production on Wed May 20 09:43:49 2009

Copyright (c) 1982, 2002, Oracle Corporation.  All rights reserved.

Control File:   hgu_tmp_trans.ctl
Data File:      netcom.vmmini.2009-05-22.txt
  Bad File:     netcom.vmmini.2009-05-22.bad
  Discard File:  none specified
 
 (Allow all discards)

Number to load: ALL
Number to skip: 0
Errors allowed: 50
Bind array:     64 rows, maximum of 256000 bytes
Continuation:    none specified
Path used:      Conventional

Table HGU_TMP_TRANS, loaded from every logical record.
Insert option in effect for this table: APPEND
TRAILING NULLCOLS option in effect

   Column Name                  Position   Len  Term Encl Datatype
------------------------------ ---------- ----- ---- ---- ---------------------
SUBSCRIBER_NO                       FIRST     *   ;  O(") CHARACTER            
SOC                                  NEXT     *   ;  O(") CHARACTER            
ACTION                               NEXT     *   ;  O(") CHARACTER            
REQUEST_TIME                         NEXT     *   ;  O(") DATE YYYY-MM-DD HH24:MI
PRIORITY                             NEXT     *   ;  O(") CHARACTER            
REQUEST_ID                           NEXT     *   ;  O(") CHARACTER            
MEMO_TEXT                            NEXT     *   ;  O(") CHARACTER            


Table HGU_TMP_TRANS:
  45265 Rows successfully loaded.
  0 Rows not loaded due to data errors.
  0 Rows not loaded because all WHEN clauses were failed.
  0 Rows not loaded because all fields were null.


Space allocated for bind array:                 115584 bytes(64 rows)
Read   buffer bytes: 1048576

Total logical records skipped:          0
Total logical records read:         45265
Total logical records rejected:         0
Total logical records discarded:        0

Run began on Wed May 20 09:43:49 2009
Run ended on Wed May 20 09:43:55 2009

Elapsed time was:     00:00:06.75
CPU time was:         00:00:00.49
