
SQL*Loader: Release 11.2.0.1.0 - Production on Ti Okt 10 17:05:32 2017

Copyright (c) 1982, 2009, Oracle and/or its affiliates.  All rights reserved.

Control File:   batch_publishlevel_update.ctl
Data File:      Batch_PublishLevel.2017.10.10.03.txt
  Bad File:     Batch_PublishLevel.2017.10.10.03.bad
  Discard File:  none specified
 
 (Allow all discards)

Number to load: ALL
Number to skip: 0
Errors allowed: 50
Bind array:     64 rows, maximum of 256000 bytes
Continuation:    none specified
Path used:      Conventional

Table BATCH_PUBLISHLEVEL_UPDATE, loaded from every logical record.
Insert option in effect for this table: APPEND
TRAILING NULLCOLS option in effect

   Column Name                  Position   Len  Term Encl Datatype
------------------------------ ---------- ----- ---- ---- ---------------------
TRANSACTION_NUMBER                  FIRST     *   ;  O(") CHARACTER            
SUBSCRIBER_NO                        NEXT     *   ;  O(") CHARACTER            
PUBLISH_LEVEL                        NEXT     *   ;  O(") CHARACTER            
PROCESS_STATUS                       NEXT     *   ;  O(") CHARACTER            
PROCESS_TIME                         NEXT     *   ;  O(") CHARACTER            
STATUS_DESC                          NEXT     *   ;  O(") CHARACTER            
RECORD_CREATION_DATE                 NEXT     *   ;  O(") CHARACTER            
REQUEST_ID                           NEXT     *   ;  O(") CHARACTER            
REQUEST_USER_ID                      NEXT     *   ;  O(") CHARACTER            

Record 690: Rejected - Error on table BATCH_PUBLISHLEVEL_UPDATE, column PUBLISH_LEVEL.
ORA-01400: kan ikke sette inn NULL i ("NINJADATA"."BATCH_PUBLISHLEVEL_UPDATE"."PUBLISH_LEVEL")


Table BATCH_PUBLISHLEVEL_UPDATE:
  1136 Rows successfully loaded.
  1 Row not loaded due to data errors.
  0 Rows not loaded because all WHEN clauses were failed.
  0 Rows not loaded because all fields were null.


Space allocated for bind array:                 148608 bytes(64 rows)
Read   buffer bytes: 1048576

Total logical records skipped:          0
Total logical records read:          1137
Total logical records rejected:         1
Total logical records discarded:        0

Run began on Ti Okt 10 17:05:32 2017
Run ended on Ti Okt 10 17:05:42 2017

Elapsed time was:     00:00:10.09
CPU time was:         00:00:00.14
