
SQL*Loader: Release 19.0.0.0.0 - Production on Thu Sep 30 12:12:40 2021
Version 19.3.0.0.0

Copyright (c) 1982, 2019, Oracle and/or its affiliates.  All rights reserved.

Control File:   hgu_tmp_trans.ctl
Character Set WE8MSWIN1252 specified for all input.

Data File:      2021-09-30.Chili.SPVOC65.txt
  Bad File:     2021-09-30.Chili.SPVOC65.bad
  Discard File:  none specified
 
 (Allow all discards)

Number to load: ALL
Number to skip: 0
Errors allowed: 50
Bind array:     250 rows, maximum of 1048576 bytes
Continuation:    none specified
Path used:      Conventional

Table HGU_TMP_TRANS, loaded from every logical record.
Insert option in effect for this table: APPEND
TRAILING NULLCOLS option in effect

   Column Name                  Position   Len  Term Encl Datatype
------------------------------ ---------- ----- ---- ---- ---------------------
SUBSCRIBER_NO                       FIRST     *   ;  O(") CHARACTER            
SOC                                  NEXT     *   ;  O(") CHARACTER            
ACTION                               NEXT     *   ;  O(") CHARACTER            
REQUEST_TIME                         NEXT     *   ;  O(") DATE YYYY-MM-DD HH24:MI
PRIORITY                             NEXT     *   ;  O(") CHARACTER            
REQUEST_ID                           NEXT     *   ;  O(") CHARACTER            
MEMO_TEXT                            NEXT     *   ;  O(") CHARACTER            
DEALER_CODE                          NEXT     *   ;  O(") CHARACTER            
SALES_AGENT                          NEXT     *   ;  O(") CHARACTER            


Table HGU_TMP_TRANS:
  4741 Rows successfully loaded.
  0 Rows not loaded due to data errors.
  0 Rows not loaded because all WHEN clauses were failed.
  0 Rows not loaded because all fields were null.


Space allocated for bind array:                 580500 bytes(250 rows)
Read   buffer bytes: 1048576

Total logical records skipped:          0
Total logical records read:          4741
Total logical records rejected:         0
Total logical records discarded:        0

Run began on Thu Sep 30 12:12:40 2021
Run ended on Thu Sep 30 12:12:43 2021

Elapsed time was:     00:00:02.53
CPU time was:         00:00:00.07
