
SQL*Loader: Release 11.2.0.1.0 - Production on Ti Nov 19 16:04:59 2019

Copyright (c) 1982, 2009, Oracle and/or its affiliates.  All rights reserved.

Control File:   load.ctl
Character Set WE8MSWIN1252 specified for all input.

Data File:      Batch_Bans_Handling.2019.11.19.05.txt
  Bad File:     hgu_runloader.bad
  Discard File:  none specified
 
 (Allow all discards)

Number to load: ALL
Number to skip: 0
Errors allowed: 50
Bind array:     64 rows, maximum of 256000 bytes
Continuation:    none specified
Path used:      Conventional

Table BATCH_BANS_ACTIVITY, loaded from every logical record.
Insert option in effect for this table: APPEND
TRAILING NULLCOLS option in effect

   Column Name                  Position   Len  Term Encl Datatype
------------------------------ ---------- ----- ---- ---- ---------------------
BAN_NO                              FIRST     *   ;  O(") CHARACTER            
ACTION                               NEXT     *   ;  O(") CHARACTER            
REASON_CODE                          NEXT     *   ;  O(") CHARACTER            
ACTIVITY_DATE                        NEXT     *   ;  O(") CHARACTER            
    SQL string for column : "DECODE(:ACTIVITY_DATE,null,null,TO_DATE(:ACTIVITY_DATE,'YYYY-MM-DD'))"
MEMO_TEXT                            NEXT     *   ;  O(") CHARACTER            
REQUEST_ID                           NEXT     *   ;  O(") CHARACTER            


Table BATCH_BANS_ACTIVITY:
  100 Rows successfully loaded.
  0 Rows not loaded due to data errors.
  0 Rows not loaded because all WHEN clauses were failed.
  0 Rows not loaded because all fields were null.


Space allocated for bind array:                  99072 bytes(64 rows)
Read   buffer bytes: 1048576

Total logical records skipped:          0
Total logical records read:           100
Total logical records rejected:         0
Total logical records discarded:        0

Run began on Ti Nov 19 16:04:59 2019
Run ended on Ti Nov 19 16:05:02 2019

Elapsed time was:     00:00:02.81
CPU time was:         00:00:00.14
