
SQL*Loader: Release 11.2.0.1.0 - Production on Fri Nov 20 13:27:43 2015

Copyright (c) 1982, 2009, Oracle and/or its affiliates.  All rights reserved.

Control File:   hgu_runloader.ctl
Data File:      C:\Projects\svn\ninja-batch-jobs\Batch_Adjustment_Addition\Adjustment.nlw0928.TRKA0776.20.11.2015.txt
  Bad File:     hgu_runloader.bad
  Discard File:  none specified
 
 (Allow all discards)

Number to load: ALL
Number to skip: 0
Errors allowed: 50
Bind array:     64 rows, maximum of 256000 bytes
Continuation:    none specified
Path used:      Conventional

Table BATCH_ADJUSTMENT_ADDITION, loaded from every logical record.
Insert option in effect for this table: APPEND
TRAILING NULLCOLS option in effect

   Column Name                  Position   Len  Term Encl Datatype
------------------------------ ---------- ----- ---- ---- ---------------------
BAN_NO                              FIRST     *   ;  O(") CHARACTER            
SUBSCRIBER_NO                        NEXT     *   ;  O(") CHARACTER            
ADJUSTMENT_CODE                      NEXT     *   ;  O(") CHARACTER            
MEMO_TEXT                            NEXT     *   ;  O(") CHARACTER            
USER_BILL_TEXT                       NEXT     *   ;  O(") CHARACTER            
AMOUNT                               NEXT     *   ;  O(") CHARACTER            
PROCESS_STATUS                       NEXT     *   ;  O(") CHARACTER            
PROCESS_TIME                         NEXT     *   ;  O(") CHARACTER            
STATUS_DESC                          NEXT     *   ;  O(") CHARACTER            
RECORD_CREATION_DATE                 NEXT     *   ;  O(") CHARACTER            
REQUEST_ID                           NEXT     *   ;  O(") CHARACTER            
STREAM                               NEXT     *   ;  O(") CHARACTER            
REQUEST_USER_ID                      NEXT     *   ;  O(") CHARACTER            
EFFECTIVE_DATE                       NEXT     *   ;  O(") CHARACTER            

Record 199: Rejected - Error on table BATCH_ADJUSTMENT_ADDITION, column AMOUNT.
ORA-01722: invalid number

Record 200: Rejected - Error on table BATCH_ADJUSTMENT_ADDITION, column AMOUNT.
ORA-01722: invalid number

Record 201: Rejected - Error on table BATCH_ADJUSTMENT_ADDITION, column AMOUNT.
ORA-01722: invalid number

Record 202: Rejected - Error on table BATCH_ADJUSTMENT_ADDITION, column AMOUNT.
ORA-01722: invalid number

Record 203: Rejected - Error on table BATCH_ADJUSTMENT_ADDITION, column AMOUNT.
ORA-01722: invalid number

Record 204: Rejected - Error on table BATCH_ADJUSTMENT_ADDITION, column AMOUNT.
ORA-01722: invalid number

Record 205: Rejected - Error on table BATCH_ADJUSTMENT_ADDITION, column AMOUNT.
ORA-01722: invalid number

Record 206: Rejected - Error on table BATCH_ADJUSTMENT_ADDITION, column AMOUNT.
ORA-01722: invalid number

Record 207: Rejected - Error on table BATCH_ADJUSTMENT_ADDITION, column AMOUNT.
ORA-01722: invalid number

Record 208: Rejected - Error on table BATCH_ADJUSTMENT_ADDITION, column AMOUNT.
ORA-01722: invalid number

Record 209: Rejected - Error on table BATCH_ADJUSTMENT_ADDITION, column AMOUNT.
ORA-01722: invalid number

Record 210: Rejected - Error on table BATCH_ADJUSTMENT_ADDITION, column AMOUNT.
ORA-01722: invalid number

Record 211: Rejected - Error on table BATCH_ADJUSTMENT_ADDITION, column AMOUNT.
ORA-01722: invalid number

Record 212: Rejected - Error on table BATCH_ADJUSTMENT_ADDITION, column AMOUNT.
ORA-01722: invalid number

Record 213: Rejected - Error on table BATCH_ADJUSTMENT_ADDITION, column AMOUNT.
ORA-01722: invalid number

Record 214: Rejected - Error on table BATCH_ADJUSTMENT_ADDITION, column AMOUNT.
ORA-01722: invalid number

Record 215: Rejected - Error on table BATCH_ADJUSTMENT_ADDITION, column AMOUNT.
ORA-01722: invalid number

Record 216: Rejected - Error on table BATCH_ADJUSTMENT_ADDITION, column AMOUNT.
ORA-01722: invalid number

Record 217: Rejected - Error on table BATCH_ADJUSTMENT_ADDITION, column AMOUNT.
ORA-01722: invalid number

Record 218: Rejected - Error on table BATCH_ADJUSTMENT_ADDITION, column AMOUNT.
ORA-01722: invalid number

Record 219: Rejected - Error on table BATCH_ADJUSTMENT_ADDITION, column AMOUNT.
ORA-01722: invalid number

Record 220: Rejected - Error on table BATCH_ADJUSTMENT_ADDITION, column AMOUNT.
ORA-01722: invalid number

Record 221: Rejected - Error on table BATCH_ADJUSTMENT_ADDITION, column AMOUNT.
ORA-01722: invalid number

Record 222: Rejected - Error on table BATCH_ADJUSTMENT_ADDITION, column AMOUNT.
ORA-01722: invalid number

Record 223: Rejected - Error on table BATCH_ADJUSTMENT_ADDITION, column AMOUNT.
ORA-01722: invalid number

Record 224: Rejected - Error on table BATCH_ADJUSTMENT_ADDITION, column AMOUNT.
ORA-01722: invalid number

Record 225: Rejected - Error on table BATCH_ADJUSTMENT_ADDITION, column AMOUNT.
ORA-01722: invalid number

Record 226: Rejected - Error on table BATCH_ADJUSTMENT_ADDITION, column AMOUNT.
ORA-01722: invalid number

Record 227: Rejected - Error on table BATCH_ADJUSTMENT_ADDITION, column AMOUNT.
ORA-01722: invalid number

Record 228: Rejected - Error on table BATCH_ADJUSTMENT_ADDITION, column AMOUNT.
ORA-01722: invalid number

Record 229: Rejected - Error on table BATCH_ADJUSTMENT_ADDITION, column AMOUNT.
ORA-01722: invalid number

Record 230: Rejected - Error on table BATCH_ADJUSTMENT_ADDITION, column AMOUNT.
ORA-01722: invalid number

Record 231: Rejected - Error on table BATCH_ADJUSTMENT_ADDITION, column AMOUNT.
ORA-01722: invalid number

Record 232: Rejected - Error on table BATCH_ADJUSTMENT_ADDITION, column AMOUNT.
ORA-01722: invalid number

Record 233: Rejected - Error on table BATCH_ADJUSTMENT_ADDITION, column AMOUNT.
ORA-01722: invalid number

Record 234: Rejected - Error on table BATCH_ADJUSTMENT_ADDITION, column AMOUNT.
ORA-01722: invalid number

Record 235: Rejected - Error on table BATCH_ADJUSTMENT_ADDITION, column AMOUNT.
ORA-01722: invalid number

Record 236: Rejected - Error on table BATCH_ADJUSTMENT_ADDITION, column AMOUNT.
ORA-01722: invalid number

Record 237: Rejected - Error on table BATCH_ADJUSTMENT_ADDITION, column AMOUNT.
ORA-01722: invalid number

Record 238: Rejected - Error on table BATCH_ADJUSTMENT_ADDITION, column AMOUNT.
ORA-01722: invalid number

Record 239: Rejected - Error on table BATCH_ADJUSTMENT_ADDITION, column AMOUNT.
ORA-01722: invalid number

Record 240: Rejected - Error on table BATCH_ADJUSTMENT_ADDITION, column AMOUNT.
ORA-01722: invalid number

Record 241: Rejected - Error on table BATCH_ADJUSTMENT_ADDITION, column AMOUNT.
ORA-01722: invalid number

Record 242: Rejected - Error on table BATCH_ADJUSTMENT_ADDITION, column AMOUNT.
ORA-01722: invalid number

Record 243: Rejected - Error on table BATCH_ADJUSTMENT_ADDITION, column AMOUNT.
ORA-01722: invalid number

Record 244: Rejected - Error on table BATCH_ADJUSTMENT_ADDITION, column AMOUNT.
ORA-01722: invalid number

Record 245: Rejected - Error on table BATCH_ADJUSTMENT_ADDITION, column AMOUNT.
ORA-01722: invalid number

Record 246: Rejected - Error on table BATCH_ADJUSTMENT_ADDITION, column AMOUNT.
ORA-01722: invalid number

Record 247: Rejected - Error on table BATCH_ADJUSTMENT_ADDITION, column AMOUNT.
ORA-01722: invalid number

Record 248: Rejected - Error on table BATCH_ADJUSTMENT_ADDITION, column AMOUNT.
ORA-01722: invalid number

Record 249: Rejected - Error on table BATCH_ADJUSTMENT_ADDITION, column AMOUNT.
ORA-01722: invalid number


MAXIMUM ERROR COUNT EXCEEDED - Above statistics reflect partial run.

Table BATCH_ADJUSTMENT_ADDITION:
  198 Rows successfully loaded.
  51 Rows not loaded due to data errors.
  0 Rows not loaded because all WHEN clauses were failed.
  0 Rows not loaded because all fields were null.


Space allocated for bind array:                 231168 bytes(64 rows)
Read   buffer bytes: 1048576

Total logical records skipped:          0
Total logical records read:           256
Total logical records rejected:        51
Total logical records discarded:        0

Run began on Fri Nov 20 13:27:43 2015
Run ended on Fri Nov 20 13:28:02 2015

Elapsed time was:     00:00:19.19
CPU time was:         00:00:00.13
