
SQL*Loader: Release 11.2.0.1.0 - Production on Tue Jun 9 15:39:01 2015

Copyright (c) 1982, 2009, Oracle and/or its affiliates.  All rights reserved.

Control File:   hgu_runloader.ctl
Data File:      C:\Projects\svn\ninja-batch-jobs\Batch_Adjustment_Addition\Adjustment.nlw0928.TRKA0776.10.06.2015.ex09.06.2015.txt
  Bad File:     hgu_runloader.bad
  Discard File:  none specified
 
 (Allow all discards)

Number to load: ALL
Number to skip: 0
Errors allowed: 50
Bind array:     64 rows, maximum of 256000 bytes
Continuation:    none specified
Path used:      Conventional

Table BATCH_ADJUSTMENT_ADDITION, loaded from every logical record.
Insert option in effect for this table: APPEND
TRAILING NULLCOLS option in effect

   Column Name                  Position   Len  Term Encl Datatype
------------------------------ ---------- ----- ---- ---- ---------------------
BAN_NO                              FIRST     *   ;  O(") CHARACTER            
SUBSCRIBER_NO                        NEXT     *   ;  O(") CHARACTER            
ADJUSTMENT_CODE                      NEXT     *   ;  O(") CHARACTER            
MEMO_TEXT                            NEXT     *   ;  O(") CHARACTER            
USER_BILL_TEXT                       NEXT     *   ;  O(") CHARACTER            
AMOUNT                               NEXT     *   ;  O(") CHARACTER            
PROCESS_STATUS                       NEXT     *   ;  O(") CHARACTER            
PROCESS_TIME                         NEXT     *   ;  O(") CHARACTER            
STATUS_DESC                          NEXT     *   ;  O(") CHARACTER            
RECORD_CREATION_DATE                 NEXT     *   ;  O(") CHARACTER            
REQUEST_ID                           NEXT     *   ;  O(") CHARACTER            
STREAM                               NEXT     *   ;  O(") CHARACTER            
REQUEST_USER_ID                      NEXT     *   ;  O(") CHARACTER            
EFFECTIVE_DATE                       NEXT     *   ;  O(") CHARACTER            

Record 207: Rejected - Error on table BATCH_ADJUSTMENT_ADDITION, column SUBSCRIBER_NO.
ORA-12899: value too large for column "NINJADATA"."BATCH_ADJUSTMENT_ADDITION"."SUBSCRIBER_NO" (actual: 16, maximum: 15)

Record 208: Rejected - Error on table BATCH_ADJUSTMENT_ADDITION, column SUBSCRIBER_NO.
ORA-12899: value too large for column "NINJADATA"."BATCH_ADJUSTMENT_ADDITION"."SUBSCRIBER_NO" (actual: 16, maximum: 15)

Record 209: Rejected - Error on table BATCH_ADJUSTMENT_ADDITION, column SUBSCRIBER_NO.
ORA-12899: value too large for column "NINJADATA"."BATCH_ADJUSTMENT_ADDITION"."SUBSCRIBER_NO" (actual: 16, maximum: 15)

Record 210: Rejected - Error on table BATCH_ADJUSTMENT_ADDITION, column SUBSCRIBER_NO.
ORA-12899: value too large for column "NINJADATA"."BATCH_ADJUSTMENT_ADDITION"."SUBSCRIBER_NO" (actual: 16, maximum: 15)

Record 211: Rejected - Error on table BATCH_ADJUSTMENT_ADDITION, column SUBSCRIBER_NO.
ORA-12899: value too large for column "NINJADATA"."BATCH_ADJUSTMENT_ADDITION"."SUBSCRIBER_NO" (actual: 16, maximum: 15)

Record 212: Rejected - Error on table BATCH_ADJUSTMENT_ADDITION, column SUBSCRIBER_NO.
ORA-12899: value too large for column "NINJADATA"."BATCH_ADJUSTMENT_ADDITION"."SUBSCRIBER_NO" (actual: 16, maximum: 15)

Record 213: Rejected - Error on table BATCH_ADJUSTMENT_ADDITION, column SUBSCRIBER_NO.
ORA-12899: value too large for column "NINJADATA"."BATCH_ADJUSTMENT_ADDITION"."SUBSCRIBER_NO" (actual: 16, maximum: 15)

Record 214: Rejected - Error on table BATCH_ADJUSTMENT_ADDITION, column SUBSCRIBER_NO.
ORA-12899: value too large for column "NINJADATA"."BATCH_ADJUSTMENT_ADDITION"."SUBSCRIBER_NO" (actual: 16, maximum: 15)

Record 215: Rejected - Error on table BATCH_ADJUSTMENT_ADDITION, column SUBSCRIBER_NO.
ORA-12899: value too large for column "NINJADATA"."BATCH_ADJUSTMENT_ADDITION"."SUBSCRIBER_NO" (actual: 16, maximum: 15)

Record 216: Rejected - Error on table BATCH_ADJUSTMENT_ADDITION, column SUBSCRIBER_NO.
ORA-12899: value too large for column "NINJADATA"."BATCH_ADJUSTMENT_ADDITION"."SUBSCRIBER_NO" (actual: 16, maximum: 15)

Record 217: Rejected - Error on table BATCH_ADJUSTMENT_ADDITION, column SUBSCRIBER_NO.
ORA-12899: value too large for column "NINJADATA"."BATCH_ADJUSTMENT_ADDITION"."SUBSCRIBER_NO" (actual: 16, maximum: 15)

Record 218: Rejected - Error on table BATCH_ADJUSTMENT_ADDITION, column SUBSCRIBER_NO.
ORA-12899: value too large for column "NINJADATA"."BATCH_ADJUSTMENT_ADDITION"."SUBSCRIBER_NO" (actual: 16, maximum: 15)

Record 219: Rejected - Error on table BATCH_ADJUSTMENT_ADDITION, column SUBSCRIBER_NO.
ORA-12899: value too large for column "NINJADATA"."BATCH_ADJUSTMENT_ADDITION"."SUBSCRIBER_NO" (actual: 16, maximum: 15)

Record 220: Rejected - Error on table BATCH_ADJUSTMENT_ADDITION, column SUBSCRIBER_NO.
ORA-12899: value too large for column "NINJADATA"."BATCH_ADJUSTMENT_ADDITION"."SUBSCRIBER_NO" (actual: 16, maximum: 15)

Record 231: Rejected - Error on table BATCH_ADJUSTMENT_ADDITION, column SUBSCRIBER_NO.
ORA-12899: value too large for column "NINJADATA"."BATCH_ADJUSTMENT_ADDITION"."SUBSCRIBER_NO" (actual: 16, maximum: 15)

Record 232: Rejected - Error on table BATCH_ADJUSTMENT_ADDITION, column SUBSCRIBER_NO.
ORA-12899: value too large for column "NINJADATA"."BATCH_ADJUSTMENT_ADDITION"."SUBSCRIBER_NO" (actual: 16, maximum: 15)

Record 233: Rejected - Error on table BATCH_ADJUSTMENT_ADDITION, column SUBSCRIBER_NO.
ORA-12899: value too large for column "NINJADATA"."BATCH_ADJUSTMENT_ADDITION"."SUBSCRIBER_NO" (actual: 16, maximum: 15)

Record 234: Rejected - Error on table BATCH_ADJUSTMENT_ADDITION, column SUBSCRIBER_NO.
ORA-12899: value too large for column "NINJADATA"."BATCH_ADJUSTMENT_ADDITION"."SUBSCRIBER_NO" (actual: 16, maximum: 15)

Record 235: Rejected - Error on table BATCH_ADJUSTMENT_ADDITION, column SUBSCRIBER_NO.
ORA-12899: value too large for column "NINJADATA"."BATCH_ADJUSTMENT_ADDITION"."SUBSCRIBER_NO" (actual: 16, maximum: 15)

Record 236: Rejected - Error on table BATCH_ADJUSTMENT_ADDITION, column SUBSCRIBER_NO.
ORA-12899: value too large for column "NINJADATA"."BATCH_ADJUSTMENT_ADDITION"."SUBSCRIBER_NO" (actual: 16, maximum: 15)

Record 237: Rejected - Error on table BATCH_ADJUSTMENT_ADDITION, column SUBSCRIBER_NO.
ORA-12899: value too large for column "NINJADATA"."BATCH_ADJUSTMENT_ADDITION"."SUBSCRIBER_NO" (actual: 16, maximum: 15)

Record 238: Rejected - Error on table BATCH_ADJUSTMENT_ADDITION, column SUBSCRIBER_NO.
ORA-12899: value too large for column "NINJADATA"."BATCH_ADJUSTMENT_ADDITION"."SUBSCRIBER_NO" (actual: 16, maximum: 15)

Record 239: Rejected - Error on table BATCH_ADJUSTMENT_ADDITION, column SUBSCRIBER_NO.
ORA-12899: value too large for column "NINJADATA"."BATCH_ADJUSTMENT_ADDITION"."SUBSCRIBER_NO" (actual: 16, maximum: 15)

Record 240: Rejected - Error on table BATCH_ADJUSTMENT_ADDITION, column SUBSCRIBER_NO.
ORA-12899: value too large for column "NINJADATA"."BATCH_ADJUSTMENT_ADDITION"."SUBSCRIBER_NO" (actual: 16, maximum: 15)

Record 241: Rejected - Error on table BATCH_ADJUSTMENT_ADDITION, column SUBSCRIBER_NO.
ORA-12899: value too large for column "NINJADATA"."BATCH_ADJUSTMENT_ADDITION"."SUBSCRIBER_NO" (actual: 16, maximum: 15)


Table BATCH_ADJUSTMENT_ADDITION:
  235 Rows successfully loaded.
  25 Rows not loaded due to data errors.
  0 Rows not loaded because all WHEN clauses were failed.
  0 Rows not loaded because all fields were null.


Space allocated for bind array:                 231168 bytes(64 rows)
Read   buffer bytes: 1048576

Total logical records skipped:          0
Total logical records read:           260
Total logical records rejected:        25
Total logical records discarded:        0

Run began on Tue Jun 09 15:39:01 2015
Run ended on Tue Jun 09 15:39:18 2015

Elapsed time was:     00:00:16.49
CPU time was:         00:00:00.17
