
SQL*Loader: Release 11.2.0.1.0 - Production on On Sep 6 11:21:22 2017

Copyright (c) 1982, 2009, Oracle and/or its affiliates.  All rights reserved.

Control File:   batch_status_change.ctl
Data File:      Status_Manipulator.2017.09.06.03.txt
  Bad File:     Status_Manipulator.2017.09.06.03.bad
  Discard File:  none specified
 
 (Allow all discards)

Number to load: ALL
Number to skip: 0
Errors allowed: 0
Bind array:     64 rows, maximum of 256000 bytes
Continuation:    none specified
Path used:      Conventional

Table NINJA_SUB_CHANGE_STATUS, loaded from every logical record.
Insert option in effect for this table: APPEND
TRAILING NULLCOLS option in effect

   Column Name                  Position   Len  Term Encl Datatype
------------------------------ ---------- ----- ---- ---- ---------------------
SUBSCRIBER_NO                       FIRST     *   ;  O(") CHARACTER            
ACTION_CODE                          NEXT     *   ;  O(") CHARACTER            
DEALER_CODE                          NEXT     *   ;  O(") CHARACTER            
MEMO_TEXT                            NEXT     *   ;  O(") CHARACTER            
REASON_CODE                          NEXT     *   ;  O(") CHARACTER            
FEE_WAIVER_CODE                      NEXT     *   ;  O(") CHARACTER            
ENTER_TIME                           NEXT     *   ;  O(") CHARACTER            
REQUEST_TIME                         NEXT     *   ;  O(") DATE YYYY-MM-DD HH24:MI
PRIORITY                             NEXT     *   ;  O(") CHARACTER            
PROCESS_TIME                         NEXT     *   ;  O(") CHARACTER            
PROCESS_STATUS                       NEXT     *   ;  O(") CHARACTER            
STATUS_DESC                          NEXT     *   ;  O(") CHARACTER            
REQUEST_REFERENCE_ID                 NEXT     *   ;  O(") CHARACTER            
RELEASE_CTN                          NEXT     *   ;  O(") CHARACTER            
PREPAID_USER                         NEXT     *   ;  O(") CHARACTER            
HLR_STREAM                           NEXT     *   ;  O(") CHARACTER            

value used for ROWS parameter changed from 64 to 62

Table NINJA_SUB_CHANGE_STATUS:
  120 Rows successfully loaded.
  0 Rows not loaded due to data errors.
  0 Rows not loaded because all WHEN clauses were failed.
  0 Rows not loaded because all fields were null.


Space allocated for bind array:                 255936 bytes(62 rows)
Read   buffer bytes: 1048576

Total logical records skipped:          0
Total logical records read:           120
Total logical records rejected:         0
Total logical records discarded:        0

Run began on On Sep 06 11:21:22 2017
Run ended on On Sep 06 11:21:27 2017

Elapsed time was:     00:00:05.40
CPU time was:         00:00:00.04
