
SQL*Loader: Release 19.0.0.0.0 - Production on Tue Nov 9 14:12:37 2021
Version 19.3.0.0.0

Copyright (c) 1982, 2019, Oracle and/or its affiliates.  All rights reserved.

Control File:   hgu_runloader.ctl
Character Set UTF8 specified for all input.

Data File:      fokus_wash_Business_B2B_2021-10-01.csv
  Bad File:     hgu_runloader.bad
  Discard File:  none specified
 
 (Allow all discards)

Number to load: ALL
Number to skip: 0
Errors allowed: 50
Bind array:     250 rows, maximum of 1048576 bytes
Continuation:    none specified
Path used:      Conventional

Table BATCH_NAME_UPDATE, loaded from every logical record.
Insert option in effect for this table: APPEND
TRAILING NULLCOLS option in effect

   Column Name                  Position   Len  Term Encl Datatype
------------------------------ ---------- ----- ---- ---- ---------------------
BAN                                 FIRST     *   ;  O(") CHARACTER            
SUBSCRIBER_NO                        NEXT     *   ;  O(") CHARACTER            
LINK_TYPE                            NEXT     *   ;  O(") CHARACTER            
CHG_BIRTH_DATE                       NEXT     *   ;  O(") CHARACTER            
BIRTH_DATE                           NEXT     *   ;  O(") DATE YYYY-MM-DD      
CHG_GENDER                           NEXT     *   ;  O(") CHARACTER            
GENDER                               NEXT     *   ;  O(") CHARACTER            
CHG_PID                              NEXT     *   ;  O(") CHARACTER            
PID                                  NEXT     *   ;  O(") CHARACTER            
NAME_TYPE                            NEXT     *   ;  O(") CHARACTER            
ROLE_IND                             NEXT     *   ;  O(") CHARACTER            
ROLE_NAME                            NEXT     *   ;  O(") CHARACTER            
ADDITIONAL_TITLE                     NEXT     *   ;  O(") CHARACTER            
FIRST_NAME                           NEXT     *   ;  O(") CHARACTER            
LAST_NAME                            NEXT     *   ;  O(") CHARACTER            
COMP_ADDITIONAL_TITLE                NEXT     *   ;  O(") CHARACTER            
COMP_NAME                            NEXT     *   ;  O(") CHARACTER            
CONTACT_NAME                         NEXT     *   ;  O(") CHARACTER            
ENTER_TIME                           NEXT     *   ;  O(") DATE YYYY-MM-DD HH24:MI
REQUEST_TIME                         NEXT     *   ;  O(") DATE YYYY-MM-DD HH24:MI
REQUESTOR_ID                         NEXT     *   ;  O(") CHARACTER            
PROCESS_TIME                         NEXT     *   ;  O(") DATE YYYY-MM-DD HH24:MI
PROCESS_STATUS                       NEXT     *   ;  O(") CHARACTER            
STATUS_DESC                          NEXT     *   ;  O(") CHARACTER            

value used for ROWS parameter changed from 250 to 169
Record 1: Rejected - Error on table BATCH_NAME_UPDATE, column BAN.
ORA-01722: invalid number


Table BATCH_NAME_UPDATE:
  30667 Rows successfully loaded.
  1 Row not loaded due to data errors.
  0 Rows not loaded because all WHEN clauses were failed.
  0 Rows not loaded because all fields were null.


Space allocated for bind array:                1046448 bytes(169 rows)
Read   buffer bytes: 1048576

Total logical records skipped:          0
Total logical records read:         30668
Total logical records rejected:         1
Total logical records discarded:        0

Run began on Tue Nov 09 14:12:37 2021
Run ended on Tue Nov 09 14:12:53 2021

Elapsed time was:     00:00:16.29
CPU time was:         00:00:00.41
