
SQL*Loader: Release 19.0.0.0.0 - Production on Wed Mar 10 12:29:43 2021
Version 19.3.0.0.0

Copyright (c) 1982, 2019, Oracle and/or its affiliates.  All rights reserved.

Control File:   load.ctl
Character Set UTF8 specified for all input.

Data File:      2021-03-10.Krupali.Parekh.txt
  Bad File:     2021-03-10.Krupali.Parekh.bad
  Discard File:  none specified
 
 (Allow all discards)

Number to load: ALL
Number to skip: 0
Errors allowed: 50
Bind array:     250 rows, maximum of 1048576 bytes
Continuation:    none specified
Path used:      Conventional

Table MASTER_MEMO_TRANSACTIONS, loaded from every logical record.
Insert option in effect for this table: APPEND
TRAILING NULLCOLS option in effect

   Column Name                  Position   Len  Term Encl Datatype
------------------------------ ---------- ----- ---- ---- ---------------------
SUBSCRIBER_NO                       FIRST     *   ;  O(") CHARACTER            
BAN_NO                               NEXT     *   ;  O(") CHARACTER            
MEMO_TEXT                            NEXT     *   ;  O(") CHARACTER            
MEMO_SYS_TEXT                        NEXT     *   ;  O(") CHARACTER            
MEMO_TYPE                            NEXT     *   ;  O(") CHARACTER            
SYS_MEM_APPEND                       NEXT     *   ;  O(") CHARACTER            
EXCLUDE_IND                          NEXT     *   ;  O(") CHARACTER            


Table MASTER_MEMO_TRANSACTIONS:
  6 Rows successfully loaded.
  0 Rows not loaded due to data errors.
  0 Rows not loaded because all WHEN clauses were failed.
  0 Rows not loaded because all fields were null.


Space allocated for bind array:                 451500 bytes(250 rows)
Read   buffer bytes: 1048576

Total logical records skipped:          0
Total logical records read:             6
Total logical records rejected:         0
Total logical records discarded:        0

Run began on Wed Mar 10 12:29:43 2021
Run ended on Wed Mar 10 12:29:44 2021

Elapsed time was:     00:00:00.93
CPU time was:         00:00:00.03
