
SQL*Loader: Release 19.0.0.0.0 - Production on Thu Aug 26 08:44:40 2021
Version 19.3.0.0.0

Copyright (c) 1982, 2019, Oracle and/or its affiliates.  All rights reserved.

Control File:   master_memo_transactions.ctl
Character Set UTF8 specified for all input.

Data File:      2021-08-25.Toten.Transport.txt
  Bad File:     2021-08-25.Toten.Transport.bad
  Discard File:  none specified
 
 (Allow all discards)

Number to load: ALL
Number to skip: 0
Errors allowed: 0
Bind array:     250 rows, maximum of 1048576 bytes
Continuation:    none specified
Path used:      Conventional

Table MASTER_MEMO_TRANSACTIONS, loaded from every logical record.
Insert option in effect for this table: APPEND
TRAILING NULLCOLS option in effect

   Column Name                  Position   Len  Term Encl Datatype
------------------------------ ---------- ----- ---- ---- ---------------------
SUBSCRIBER_NO                       FIRST     *   ;  O(") CHARACTER            
BAN_NO                               NEXT     *   ;  O(") CHARACTER            
MEMO_TEXT                            NEXT     *   ;  O(") CHARACTER            
MEMO_SYS_TEXT                        NEXT     *   ;  O(") CHARACTER            
MEMO_TYPE                            NEXT     *   ;  O(") CHARACTER            
SYS_MEM_APPEND                       NEXT     *   ;  O(") CHARACTER            
EXCLUDE_IND                          NEXT     *   ;  O(") CHARACTER            
PROCESS_STATUS                       NEXT     *   ;  O(") CHARACTER            
REQUEST_TIME                         NEXT     *   ;  O(") DATE YYYY-MM-DD HH24:MI


Table MASTER_MEMO_TRANSACTIONS:
  205 Rows successfully loaded.
  0 Rows not loaded due to data errors.
  0 Rows not loaded because all WHEN clauses were failed.
  0 Rows not loaded because all fields were null.


Space allocated for bind array:                 580500 bytes(250 rows)
Read   buffer bytes: 1048576

Total logical records skipped:          0
Total logical records read:           205
Total logical records rejected:         0
Total logical records discarded:        0

Run began on Thu Aug 26 08:44:40 2021
Run ended on Thu Aug 26 08:44:40 2021

Elapsed time was:     00:00:00.56
CPU time was:         00:00:00.04
