
SQL*Loader: Release 11.2.0.1.0 - Production on Tue Nov 29 09:29:43 2011

Copyright (c) 1982, 2009, Oracle and/or its affiliates.  All rights reserved.

Control File:   hgu_runloader.ctl
Data File:      Charge.chrgmv.csk.2011-11-29.txt
  Bad File:     hgu_runloader.bad
  Discard File:  none specified
 
 (Allow all discards)

Number to load: ALL
Number to skip: 0
Errors allowed: 50
Bind array:     64 rows, maximum of 256000 bytes
Continuation:    none specified
Path used:      Conventional

Table BATCH_CHARGE_ADDITION, loaded from every logical record.
Insert option in effect for this table: APPEND
TRAILING NULLCOLS option in effect

   Column Name                  Position   Len  Term Encl Datatype
------------------------------ ---------- ----- ---- ---- ---------------------
BAN_NO                              FIRST     *   ;  O(") CHARACTER            
SUBSCRIBER_NO                        NEXT     *   ;  O(") CHARACTER            
CHARGE_CODE                          NEXT     *   ;  O(") CHARACTER            
ACTV_REASON_CODE                     NEXT     *   ;  O(") CHARACTER            
AMOUNT                               NEXT     *   ;  O(") CHARACTER            
USER_BILL_TEXT                       NEXT     *   ;  O(") CHARACTER            
MEMO_TEXT                            NEXT     *   ;  O(") CHARACTER            
EFFECTIVE_DATE                       NEXT     *   ;  O(") DATE YYYY-MM-DD HH24:MI
PROCESS_STATUS                       NEXT     *   ;  O(") CHARACTER            
PROCESS_TIME                         NEXT     *   ;  O(") CHARACTER            
STATUS_DESC                          NEXT     *   ;  O(") CHARACTER            
RECORD_CREATION_DATE                 NEXT     *   ;  O(") CHARACTER            
REQUEST_ID                           NEXT     *   ;  O(") CHARACTER            
STREAM                               NEXT     *   ;  O(") CHARACTER            
REQUEST_USER_ID                      NEXT     *   ;  O(") CHARACTER            

Record 165: Rejected - Error on table BATCH_CHARGE_ADDITION.
ORA-01400: cannot insert NULL into ("NINJADATA"."BATCH_CHARGE_ADDITION"."CHARGE_CODE")

Record 166: Rejected - Error on table BATCH_CHARGE_ADDITION.
ORA-01400: cannot insert NULL into ("NINJADATA"."BATCH_CHARGE_ADDITION"."CHARGE_CODE")

Record 167: Rejected - Error on table BATCH_CHARGE_ADDITION.
ORA-01400: cannot insert NULL into ("NINJADATA"."BATCH_CHARGE_ADDITION"."CHARGE_CODE")

Record 168: Rejected - Error on table BATCH_CHARGE_ADDITION.
ORA-01400: cannot insert NULL into ("NINJADATA"."BATCH_CHARGE_ADDITION"."CHARGE_CODE")

Record 169: Rejected - Error on table BATCH_CHARGE_ADDITION.
ORA-01400: cannot insert NULL into ("NINJADATA"."BATCH_CHARGE_ADDITION"."CHARGE_CODE")

Record 170: Rejected - Error on table BATCH_CHARGE_ADDITION.
ORA-01400: cannot insert NULL into ("NINJADATA"."BATCH_CHARGE_ADDITION"."CHARGE_CODE")

Record 171: Rejected - Error on table BATCH_CHARGE_ADDITION.
ORA-01400: cannot insert NULL into ("NINJADATA"."BATCH_CHARGE_ADDITION"."CHARGE_CODE")

Record 172: Rejected - Error on table BATCH_CHARGE_ADDITION.
ORA-01400: cannot insert NULL into ("NINJADATA"."BATCH_CHARGE_ADDITION"."CHARGE_CODE")

Record 173: Rejected - Error on table BATCH_CHARGE_ADDITION.
ORA-01400: cannot insert NULL into ("NINJADATA"."BATCH_CHARGE_ADDITION"."CHARGE_CODE")

Record 174: Rejected - Error on table BATCH_CHARGE_ADDITION.
ORA-01400: cannot insert NULL into ("NINJADATA"."BATCH_CHARGE_ADDITION"."CHARGE_CODE")

Record 175: Rejected - Error on table BATCH_CHARGE_ADDITION.
ORA-01400: cannot insert NULL into ("NINJADATA"."BATCH_CHARGE_ADDITION"."CHARGE_CODE")

Record 176: Rejected - Error on table BATCH_CHARGE_ADDITION.
ORA-01400: cannot insert NULL into ("NINJADATA"."BATCH_CHARGE_ADDITION"."CHARGE_CODE")

Record 177: Rejected - Error on table BATCH_CHARGE_ADDITION.
ORA-01400: cannot insert NULL into ("NINJADATA"."BATCH_CHARGE_ADDITION"."CHARGE_CODE")

Record 178: Rejected - Error on table BATCH_CHARGE_ADDITION.
ORA-01400: cannot insert NULL into ("NINJADATA"."BATCH_CHARGE_ADDITION"."CHARGE_CODE")

Record 179: Rejected - Error on table BATCH_CHARGE_ADDITION.
ORA-01400: cannot insert NULL into ("NINJADATA"."BATCH_CHARGE_ADDITION"."CHARGE_CODE")

Record 180: Rejected - Error on table BATCH_CHARGE_ADDITION.
ORA-01400: cannot insert NULL into ("NINJADATA"."BATCH_CHARGE_ADDITION"."CHARGE_CODE")

Record 181: Rejected - Error on table BATCH_CHARGE_ADDITION.
ORA-01400: cannot insert NULL into ("NINJADATA"."BATCH_CHARGE_ADDITION"."CHARGE_CODE")

Record 182: Rejected - Error on table BATCH_CHARGE_ADDITION.
ORA-01400: cannot insert NULL into ("NINJADATA"."BATCH_CHARGE_ADDITION"."CHARGE_CODE")

Record 183: Rejected - Error on table BATCH_CHARGE_ADDITION.
ORA-01400: cannot insert NULL into ("NINJADATA"."BATCH_CHARGE_ADDITION"."CHARGE_CODE")

Record 184: Rejected - Error on table BATCH_CHARGE_ADDITION.
ORA-01400: cannot insert NULL into ("NINJADATA"."BATCH_CHARGE_ADDITION"."CHARGE_CODE")

Record 185: Rejected - Error on table BATCH_CHARGE_ADDITION.
ORA-01400: cannot insert NULL into ("NINJADATA"."BATCH_CHARGE_ADDITION"."CHARGE_CODE")

Record 186: Rejected - Error on table BATCH_CHARGE_ADDITION.
ORA-01400: cannot insert NULL into ("NINJADATA"."BATCH_CHARGE_ADDITION"."CHARGE_CODE")

Record 187: Rejected - Error on table BATCH_CHARGE_ADDITION.
ORA-01400: cannot insert NULL into ("NINJADATA"."BATCH_CHARGE_ADDITION"."CHARGE_CODE")


Table BATCH_CHARGE_ADDITION:
  164 Rows successfully loaded.
  23 Rows not loaded due to data errors.
  0 Rows not loaded because all WHEN clauses were failed.
  0 Rows not loaded because all fields were null.


Space allocated for bind array:                 247680 bytes(64 rows)
Read   buffer bytes: 1048576

Total logical records skipped:          0
Total logical records read:           187
Total logical records rejected:        23
Total logical records discarded:        0

Run began on Tue Nov 29 09:29:43 2011
Run ended on Tue Nov 29 09:29:46 2011

Elapsed time was:     00:00:02.59
CPU time was:         00:00:00.11
