
SQL*Loader: Release 8.1.7.0.0 - Production on Tue Jan 9 12:44:00 2007

(c) Copyright 2000 Oracle Corporation.  All rights reserved.

Control File:   hgu_runloader.ctl
Data File:      Chrg.chrgmv.csk.2007-01-09.txt
  Bad File:     hgu_runloader.bad
  Discard File:  none specified

 (Allow all discards)

Number to load: ALL
Number to skip: 0
Errors allowed: 50
Bind array:     64 rows, maximum of 65536 bytes
Continuation:    none specified
Path used:      Conventional

Table BATCH_CHARGE_ADDITION, loaded from every logical record.
Insert option in effect for this table: APPEND
TRAILING NULLCOLS option in effect

   Column Name                  Position   Len  Term Encl Datatype
------------------------------ ---------- ----- ---- ---- ---------------------
BAN_NO                              FIRST     *   ;  O(") CHARACTER
SUBSCRIBER_NO                        NEXT     *   ;  O(") CHARACTER
CHARGE_CODE                          NEXT     *   ;  O(") CHARACTER
ACTV_REASON_CODE                     NEXT     *   ;  O(") CHARACTER
AMOUNT                               NEXT     *   ;  O(") CHARACTER
USER_BILL_TEXT                       NEXT     *   ;  O(") CHARACTER
MEMO_TEXT                            NEXT     *   ;  O(") CHARACTER
EFFECTIVE_DATE                       NEXT     *   ;  O(") CHARACTER
PROCESS_STATUS                       NEXT     *   ;  O(") CHARACTER
PROCESS_TIME                         NEXT     *   ;  O(") CHARACTER
STATUS_DESC                          NEXT     *   ;  O(") CHARACTER
RECORD_CREATION_DATE                 NEXT     *   ;  O(") CHARACTER
REQUEST_ID                           NEXT     *   ;  O(") CHARACTER
STREAM                               NEXT     *   ;  O(") CHARACTER
REQUEST_USER_ID                      NEXT     *   ;  O(") CHARACTER


Table BATCH_CHARGE_ADDITION:
  283 Rows successfully loaded.
  0 Rows not loaded due to data errors.
  0 Rows not loaded because all WHEN clauses were failed.
  0 Rows not loaded because all fields were null.


Space allocated for bind array:                  61920 bytes(16 rows)
Space allocated for memory besides bind array:        0 bytes

Total logical records skipped:          0
Total logical records read:           283
Total logical records rejected:         0
Total logical records discarded:        0

Run began on Tue Jan 09 12:44:00 2007
Run ended on Tue Jan 09 12:44:00 2007

Elapsed time was:     00:00:00.69
CPU time was:         00:00:00.03
