
SQL*Loader: Release 8.1.7.0.0 - Production on Mon May 8 14:06:57 2006

(c) Copyright 2000 Oracle Corporation.  All rights reserved.

Control File:   en_chg_pp_trans.ctl
Data File:      AFTENPOSTEN.BUDBOK.01.ckh.2006-05-08.csv
  Bad File:     AFTENPOSTEN.BUDBOK.01.ckh.2006-05-08.bad
  Discard File:  none specified
 
 (Allow all discards)

Number to load: ALL
Number to skip: 0
Errors allowed: 0
Bind array:     64 rows, maximum of 65536 bytes
Continuation:    none specified
Path used:      Conventional

Table "NINJADATA"."MASTER_CHG_PP_TRANS", loaded from every logical record.
Insert option in effect for this table: APPEND
TRAILING NULLCOLS option in effect

   Column Name                  Position   Len  Term Encl Datatype
------------------------------ ---------- ----- ---- ---- ---------------------
SUBSCRIBER_NO                       FIRST     *   ,  O(") CHARACTER            
NEW_PRICEPLAN                        NEXT     *   ,  O(") CHARACTER            
NEW_CAMPAIGN_CODE                    NEXT     *   ,  O(") CHARACTER            
NEW_SUBSCRIPTION_TYPE                NEXT     *   ,  O(") CHARACTER            
HANDLE_COMMITMENT                    NEXT     *   ,  O(") CHARACTER            
EFFECTIVE_DATE                       NEXT     *   ,  O(") CHARACTER            
DEALER                               NEXT     *   ,  O(") CHARACTER            
SALES_AGENT                          NEXT     *   ,  O(") CHARACTER            
REASON_CODE                          NEXT     *   ,  O(") CHARACTER            
MEMO_TEXT                            NEXT     *   ,  O(") CHARACTER            
WAIVE_FEES                           NEXT     *   ,  O(") CHARACTER            
REQUESTOR_ID                         NEXT     *   ,  O(") CHARACTER            
SKIP_NINJA_VALIDATION                NEXT     *   ,  O(") CHARACTER            


Table "NINJADATA"."MASTER_CHG_PP_TRANS":
  150 Rows successfully loaded.
  0 Rows not loaded due to data errors.
  0 Rows not loaded because all WHEN clauses were failed.
  0 Rows not loaded because all fields were null.


Space allocated for bind array:                  63726 bytes(19 rows)
Space allocated for memory besides bind array:        0 bytes

Total logical records skipped:          0
Total logical records read:           150
Total logical records rejected:         0
Total logical records discarded:        0

Run began on Mon May 08 14:06:57 2006
Run ended on Mon May 08 14:06:58 2006

Elapsed time was:     00:00:00.66
CPU time was:         00:00:00.03    
