
SQL*Loader: Release 8.1.7.0.0 - Production on Thu Jul 13 10:54:24 2006

(c) Copyright 2000 Oracle Corporation.  All rights reserved.

Control File:   en_chg_pp_trans.ctl
Data File:      Chg.pp.obm.2006-07-12.txt
  Bad File:     Chg.pp.obm.2006-07-12.bad
  Discard File:  none specified

 (Allow all discards)

Number to load: ALL
Number to skip: 0
Errors allowed: 0
Bind array:     64 rows, maximum of 65536 bytes
Continuation:    none specified
Path used:      Conventional

Table "NINJADATA"."MASTER_CHG_PP_TRANS", loaded from every logical record.
Insert option in effect for this table: APPEND
TRAILING NULLCOLS option in effect

   Column Name                  Position   Len  Term Encl Datatype
------------------------------ ---------- ----- ---- ---- ---------------------
SUBSCRIBER_NO                       FIRST     *   ,  O(") CHARACTER
NEW_PRICEPLAN                        NEXT     *   ,  O(") CHARACTER
NEW_CAMPAIGN_CODE                    NEXT     *   ,  O(") CHARACTER
NEW_SUBSCRIPTION_TYPE                NEXT     *   ,  O(") CHARACTER
HANDLE_COMMITMENT                    NEXT     *   ,  O(") CHARACTER
EFFECTIVE_DATE                       NEXT     *   ,  O(") CHARACTER
DEALER                               NEXT     *   ,  O(") CHARACTER
SALES_AGENT                          NEXT     *   ,  O(") CHARACTER
REASON_CODE                          NEXT     *   ,  O(") CHARACTER
MEMO_TEXT                            NEXT     *   ,  O(") CHARACTER
WAIVE_FEES                           NEXT     *   ,  O(") CHARACTER
REQUESTOR_ID                         NEXT     *   ,  O(") CHARACTER
SKIP_NINJA_VALIDATION                NEXT     *   ,  O(") CHARACTER

Record 62: Discarded - all columns null.

Table "NINJADATA"."MASTER_CHG_PP_TRANS":
  61 Rows successfully loaded.
  0 Rows not loaded due to data errors.
  0 Rows not loaded because all WHEN clauses were failed.
  1 Row not loaded because all fields were null.


Space allocated for bind array:                  63726 bytes(19 rows)
Space allocated for memory besides bind array:        0 bytes

Total logical records skipped:          0
Total logical records read:            62
Total logical records rejected:         0
Total logical records discarded:        1

Run began on Thu Jul 13 10:54:24 2006
Run ended on Thu Jul 13 10:54:24 2006

Elapsed time was:     00:00:00.61
CPU time was:         00:00:00.02
