
SQL*Loader: Release 8.1.7.0.0 - Production on Fri Oct 20 12:50:34 2006

(c) Copyright 2000 Oracle Corporation.  All rights reserved.

Control File:   chg_pp_trans.ctl
Data File:      psgb.obm.2006-10-18.txt
  Bad File:     psgb.obm.2006-10-18.bad
  Discard File:  none specified

 (Allow all discards)

Number to load: ALL
Number to skip: 0
Errors allowed: 0
Bind array:     64 rows, maximum of 65536 bytes
Continuation:    none specified
Path used:      Conventional

Table "NINJADATA"."MASTER_CHG_PP_TRANS", loaded from every logical record.
Insert option in effect for this table: APPEND
TRAILING NULLCOLS option in effect

   Column Name                  Position   Len  Term Encl Datatype
------------------------------ ---------- ----- ---- ---- ---------------------
SUBSCRIBER_NO                       FIRST     *   ;  O(") CHARACTER
NEW_PRICEPLAN                        NEXT     *   ;  O(") CHARACTER
NEW_CAMPAIGN_CODE                    NEXT     *   ;  O(") CHARACTER
NEW_SUBSCRIPTION_TYPE                NEXT     *   ;  O(") CHARACTER
HANDLE_COMMITMENT                    NEXT     *   ;  O(") CHARACTER
EFFECTIVE_DATE                       NEXT     *   ;  O(") CHARACTER
DEALER                               NEXT     *   ;  O(") CHARACTER
SALES_AGENT                          NEXT     *   ;  O(") CHARACTER
REASON_CODE                          NEXT     *   ;  O(") CHARACTER
MEMO_TEXT                            NEXT     *   ;  O(") CHARACTER
WAIVE_FEES                           NEXT     *   ;  O(") CHARACTER
REQUESTOR_ID                         NEXT     *   ;  O(") CHARACTER
SKIP_NINJA_VALIDATION                NEXT     *   ;  O(") CHARACTER


Table "NINJADATA"."MASTER_CHG_PP_TRANS":
  230 Rows successfully loaded.
  0 Rows not loaded due to data errors.
  0 Rows not loaded because all WHEN clauses were failed.
  0 Rows not loaded because all fields were null.


Space allocated for bind array:                  63726 bytes(19 rows)
Space allocated for memory besides bind array:        0 bytes

Total logical records skipped:          0
Total logical records read:           230
Total logical records rejected:         0
Total logical records discarded:        0

Run began on Fri Oct 20 12:50:34 2006
Run ended on Fri Oct 20 12:50:35 2006

Elapsed time was:     00:00:00.68
CPU time was:         00:00:00.03
