
SQL*Loader: Release 9.2.0.4.0 - Production on Fri Sep 4 11:17:53 2009

Copyright (c) 1982, 2002, Oracle Corporation.  All rights reserved.

Control File:   load.txt
Data File:      RiBed2.anlu.2009-09-04.txt
  Bad File:     bad.txt
  Discard File:  none specified
 
 (Allow all discards)

Number to load: ALL
Number to skip: 0
Errors allowed: 50
Bind array:     64 rows, maximum of 256000 bytes
Continuation:    none specified
Path used:      Conventional

Table BATCH_DISCOUNT_ADDITION, loaded from every logical record.
Insert option in effect for this table: APPEND

   Column Name                  Position   Len  Term Encl Datatype
------------------------------ ---------- ----- ---- ---- ---------------------
SUBSCRIBER_NO                       FIRST     *   ;  O(") CHARACTER            
DISCOUNT_CODE                        NEXT     *   ;  O(") CHARACTER            
MEMO_TEXT                            NEXT     *   ;  O(") CHARACTER            
REQUEST_ID                           NEXT     *   ;  O(") CHARACTER            
PROCESS_STATUS                                            CONSTANT
    Value is 'WAITING'
RECORD_CREATION_DATE                                      SYSDATE

Record 443: Rejected - Error on table BATCH_DISCOUNT_ADDITION, column SUBSCRIBER_NO.
ORA-12899: value too large for column "NINJADATA"."BATCH_DISCOUNT_ADDITION"."SUBSCRIBER_NO" (actual: 12, maximum: 11)


Table BATCH_DISCOUNT_ADDITION:
  784 Rows successfully loaded.
  1 Row not loaded due to data errors.
  0 Rows not loaded because all WHEN clauses were failed.
  0 Rows not loaded because all fields were null.


Space allocated for bind array:                  66560 bytes(64 rows)
Read   buffer bytes: 1048576

Total logical records skipped:          0
Total logical records read:           785
Total logical records rejected:         1
Total logical records discarded:        0

Run began on Fri Sep 04 11:17:53 2009
Run ended on Fri Sep 04 11:17:56 2009

Elapsed time was:     00:00:02.53
CPU time was:         00:00:00.08
