
SQL*Loader: Release 11.2.0.1.0 - Production on To Jan 18 12:03:13 2018

Copyright (c) 1982, 2009, Oracle and/or its affiliates.  All rights reserved.

Control File:   batch_ban_bill_due_day_loader.ctl
Character Set WE8MSWIN1252 specified for all input.

Data File:      C:\projects\svn\batch\Batch_Ban_Bill_Due_day_Update\Batch_Ban_Bill_Due_day_Update.2018.01.18.03.txt
  Bad File:     Batch_Ban_Bill_Due_day_Update.2018.01.18.03.bad
  Discard File:  none specified
 
 (Allow all discards)

Number to load: ALL
Number to skip: 0
Errors allowed: 0
Bind array:     64 rows, maximum of 256000 bytes
Continuation:    none specified
Path used:      Conventional

Table BATCH_BAN_BILL_DUE_DAY_UPDATE, loaded from every logical record.
Insert option in effect for this table: APPEND
TRAILING NULLCOLS option in effect

   Column Name                  Position   Len  Term Encl Datatype
------------------------------ ---------- ----- ---- ---- ---------------------
BAN_NO                              FIRST     *   ;  O(") CHARACTER            
SUBSCRIBER_NO                        NEXT     *   ;  O(") CHARACTER            
BILL_DUE_DAY                         NEXT     *   ;  O(") CHARACTER            
PROCESS_STATUS                       NEXT     *   ;  O(") CHARACTER            
PROCESS_TIME                         NEXT     *   ;  O(") CHARACTER            
STATUS_DESC                          NEXT     *   ;  O(") CHARACTER            
RECORD_CREATION_DATE                 NEXT     *   ;  O(") CHARACTER            
REQUEST_ID                           NEXT     *   ;  O(") CHARACTER            
REQUEST_USER_ID                      NEXT     *   ;  O(") CHARACTER            

Record 3: Discarded - all columns null.

Table BATCH_BAN_BILL_DUE_DAY_UPDATE:
  2 Rows successfully loaded.
  0 Rows not loaded due to data errors.
  0 Rows not loaded because all WHEN clauses were failed.
  1 Row not loaded because all fields were null.


Space allocated for bind array:                 148608 bytes(64 rows)
Read   buffer bytes: 1048576

Total logical records skipped:          0
Total logical records read:             3
Total logical records rejected:         0
Total logical records discarded:        1

Run began on To Jan 18 12:03:13 2018
Run ended on To Jan 18 12:03:16 2018

Elapsed time was:     00:00:03.74
CPU time was:         00:00:00.11
