
SQL*Loader: Release 11.2.0.1.0 - Production on Fr Jun 1 14:56:21 2018

Copyright (c) 1982, 2009, Oracle and/or its affiliates.  All rights reserved.

Control File:   hgu_runloader.ctl
Data File:      Batch_Charge_Addition.2018.06.01.02.00.txt
  Bad File:     hgu_runloader.bad
  Discard File:  none specified
 
 (Allow all discards)

Number to load: ALL
Number to skip: 0
Errors allowed: 50
Bind array:     64 rows, maximum of 256000 bytes
Continuation:    none specified
Path used:      Conventional

Table BATCH_CHARGE_ADDITION, loaded from every logical record.
Insert option in effect for this table: APPEND
TRAILING NULLCOLS option in effect

   Column Name                  Position   Len  Term Encl Datatype
------------------------------ ---------- ----- ---- ---- ---------------------
BAN_NO                              FIRST     *   ;  O(") CHARACTER            
SUBSCRIBER_NO                        NEXT     *   ;  O(") CHARACTER            
CHARGE_CODE                          NEXT     *   ;  O(") CHARACTER            
ACTV_REASON_CODE                     NEXT     *   ;  O(") CHARACTER            
AMOUNT                               NEXT     *   ;  O(") CHARACTER            
USER_BILL_TEXT                       NEXT     *   ;  O(") CHARACTER            
MEMO_TEXT                            NEXT     *   ;  O(") CHARACTER            
EFFECTIVE_DATE                       NEXT     *   ;  O(") DATE YYYY-MM-DD HH24:MI
PROCESS_STATUS                       NEXT     *   ;  O(") CHARACTER            
PROCESS_TIME                         NEXT     *   ;  O(") CHARACTER            
STATUS_DESC                          NEXT     *   ;  O(") CHARACTER            
RECORD_CREATION_DATE                 NEXT     *   ;  O(") CHARACTER            
REQUEST_ID                           NEXT     *   ;  O(") CHARACTER            
STREAM                               NEXT     *   ;  O(") CHARACTER            
REQUEST_USER_ID                      NEXT     *   ;  O(") CHARACTER            

Record 1: Rejected - Error on table BATCH_CHARGE_ADDITION, column REQUEST_USER_ID.
ORA-01400: kan ikke sette inn NULL i ("NINJADATA"."BATCH_CHARGE_ADDITION"."REQUEST_USER_ID")

Record 2: Rejected - Error on table BATCH_CHARGE_ADDITION, column REQUEST_USER_ID.
ORA-01400: kan ikke sette inn NULL i ("NINJADATA"."BATCH_CHARGE_ADDITION"."REQUEST_USER_ID")

Record 3: Rejected - Error on table BATCH_CHARGE_ADDITION, column REQUEST_USER_ID.
ORA-01400: kan ikke sette inn NULL i ("NINJADATA"."BATCH_CHARGE_ADDITION"."REQUEST_USER_ID")

Record 4: Rejected - Error on table BATCH_CHARGE_ADDITION, column REQUEST_USER_ID.
ORA-01400: kan ikke sette inn NULL i ("NINJADATA"."BATCH_CHARGE_ADDITION"."REQUEST_USER_ID")

Record 5: Rejected - Error on table BATCH_CHARGE_ADDITION, column REQUEST_USER_ID.
ORA-01400: kan ikke sette inn NULL i ("NINJADATA"."BATCH_CHARGE_ADDITION"."REQUEST_USER_ID")

Record 6: Rejected - Error on table BATCH_CHARGE_ADDITION, column REQUEST_USER_ID.
ORA-01400: kan ikke sette inn NULL i ("NINJADATA"."BATCH_CHARGE_ADDITION"."REQUEST_USER_ID")

Record 7: Rejected - Error on table BATCH_CHARGE_ADDITION, column REQUEST_USER_ID.
ORA-01400: kan ikke sette inn NULL i ("NINJADATA"."BATCH_CHARGE_ADDITION"."REQUEST_USER_ID")

Record 8: Rejected - Error on table BATCH_CHARGE_ADDITION, column REQUEST_USER_ID.
ORA-01400: kan ikke sette inn NULL i ("NINJADATA"."BATCH_CHARGE_ADDITION"."REQUEST_USER_ID")

Record 9: Rejected - Error on table BATCH_CHARGE_ADDITION, column REQUEST_USER_ID.
ORA-01400: kan ikke sette inn NULL i ("NINJADATA"."BATCH_CHARGE_ADDITION"."REQUEST_USER_ID")

Record 10: Rejected - Error on table BATCH_CHARGE_ADDITION, column REQUEST_USER_ID.
ORA-01400: kan ikke sette inn NULL i ("NINJADATA"."BATCH_CHARGE_ADDITION"."REQUEST_USER_ID")

Record 11: Rejected - Error on table BATCH_CHARGE_ADDITION, column REQUEST_USER_ID.
ORA-01400: kan ikke sette inn NULL i ("NINJADATA"."BATCH_CHARGE_ADDITION"."REQUEST_USER_ID")

Record 12: Rejected - Error on table BATCH_CHARGE_ADDITION, column REQUEST_USER_ID.
ORA-01400: kan ikke sette inn NULL i ("NINJADATA"."BATCH_CHARGE_ADDITION"."REQUEST_USER_ID")

Record 13: Rejected - Error on table BATCH_CHARGE_ADDITION, column REQUEST_USER_ID.
ORA-01400: kan ikke sette inn NULL i ("NINJADATA"."BATCH_CHARGE_ADDITION"."REQUEST_USER_ID")

Record 14: Rejected - Error on table BATCH_CHARGE_ADDITION, column REQUEST_USER_ID.
ORA-01400: kan ikke sette inn NULL i ("NINJADATA"."BATCH_CHARGE_ADDITION"."REQUEST_USER_ID")

Record 15: Rejected - Error on table BATCH_CHARGE_ADDITION, column REQUEST_USER_ID.
ORA-01400: kan ikke sette inn NULL i ("NINJADATA"."BATCH_CHARGE_ADDITION"."REQUEST_USER_ID")

Record 16: Rejected - Error on table BATCH_CHARGE_ADDITION, column REQUEST_USER_ID.
ORA-01400: kan ikke sette inn NULL i ("NINJADATA"."BATCH_CHARGE_ADDITION"."REQUEST_USER_ID")

Record 17: Rejected - Error on table BATCH_CHARGE_ADDITION, column REQUEST_USER_ID.
ORA-01400: kan ikke sette inn NULL i ("NINJADATA"."BATCH_CHARGE_ADDITION"."REQUEST_USER_ID")

Record 18: Rejected - Error on table BATCH_CHARGE_ADDITION, column REQUEST_USER_ID.
ORA-01400: kan ikke sette inn NULL i ("NINJADATA"."BATCH_CHARGE_ADDITION"."REQUEST_USER_ID")

Record 19: Rejected - Error on table BATCH_CHARGE_ADDITION, column REQUEST_USER_ID.
ORA-01400: kan ikke sette inn NULL i ("NINJADATA"."BATCH_CHARGE_ADDITION"."REQUEST_USER_ID")

Record 20: Rejected - Error on table BATCH_CHARGE_ADDITION, column REQUEST_USER_ID.
ORA-01400: kan ikke sette inn NULL i ("NINJADATA"."BATCH_CHARGE_ADDITION"."REQUEST_USER_ID")

Record 21: Rejected - Error on table BATCH_CHARGE_ADDITION, column REQUEST_USER_ID.
ORA-01400: kan ikke sette inn NULL i ("NINJADATA"."BATCH_CHARGE_ADDITION"."REQUEST_USER_ID")

Record 22: Rejected - Error on table BATCH_CHARGE_ADDITION, column REQUEST_USER_ID.
ORA-01400: kan ikke sette inn NULL i ("NINJADATA"."BATCH_CHARGE_ADDITION"."REQUEST_USER_ID")

Record 23: Rejected - Error on table BATCH_CHARGE_ADDITION, column REQUEST_USER_ID.
ORA-01400: kan ikke sette inn NULL i ("NINJADATA"."BATCH_CHARGE_ADDITION"."REQUEST_USER_ID")

Record 24: Rejected - Error on table BATCH_CHARGE_ADDITION, column REQUEST_USER_ID.
ORA-01400: kan ikke sette inn NULL i ("NINJADATA"."BATCH_CHARGE_ADDITION"."REQUEST_USER_ID")

Record 25: Rejected - Error on table BATCH_CHARGE_ADDITION, column REQUEST_USER_ID.
ORA-01400: kan ikke sette inn NULL i ("NINJADATA"."BATCH_CHARGE_ADDITION"."REQUEST_USER_ID")

Record 26: Rejected - Error on table BATCH_CHARGE_ADDITION, column REQUEST_USER_ID.
ORA-01400: kan ikke sette inn NULL i ("NINJADATA"."BATCH_CHARGE_ADDITION"."REQUEST_USER_ID")

Record 27: Rejected - Error on table BATCH_CHARGE_ADDITION, column REQUEST_USER_ID.
ORA-01400: kan ikke sette inn NULL i ("NINJADATA"."BATCH_CHARGE_ADDITION"."REQUEST_USER_ID")

Record 28: Rejected - Error on table BATCH_CHARGE_ADDITION, column REQUEST_USER_ID.
ORA-01400: kan ikke sette inn NULL i ("NINJADATA"."BATCH_CHARGE_ADDITION"."REQUEST_USER_ID")

Record 29: Rejected - Error on table BATCH_CHARGE_ADDITION, column REQUEST_USER_ID.
ORA-01400: kan ikke sette inn NULL i ("NINJADATA"."BATCH_CHARGE_ADDITION"."REQUEST_USER_ID")

Record 30: Rejected - Error on table BATCH_CHARGE_ADDITION, column REQUEST_USER_ID.
ORA-01400: kan ikke sette inn NULL i ("NINJADATA"."BATCH_CHARGE_ADDITION"."REQUEST_USER_ID")

Record 31: Rejected - Error on table BATCH_CHARGE_ADDITION, column REQUEST_USER_ID.
ORA-01400: kan ikke sette inn NULL i ("NINJADATA"."BATCH_CHARGE_ADDITION"."REQUEST_USER_ID")

Record 32: Rejected - Error on table BATCH_CHARGE_ADDITION, column REQUEST_USER_ID.
ORA-01400: kan ikke sette inn NULL i ("NINJADATA"."BATCH_CHARGE_ADDITION"."REQUEST_USER_ID")

Record 33: Rejected - Error on table BATCH_CHARGE_ADDITION, column REQUEST_USER_ID.
ORA-01400: kan ikke sette inn NULL i ("NINJADATA"."BATCH_CHARGE_ADDITION"."REQUEST_USER_ID")

Record 34: Rejected - Error on table BATCH_CHARGE_ADDITION, column REQUEST_USER_ID.
ORA-01400: kan ikke sette inn NULL i ("NINJADATA"."BATCH_CHARGE_ADDITION"."REQUEST_USER_ID")

Record 35: Rejected - Error on table BATCH_CHARGE_ADDITION, column REQUEST_USER_ID.
ORA-01400: kan ikke sette inn NULL i ("NINJADATA"."BATCH_CHARGE_ADDITION"."REQUEST_USER_ID")

Record 36: Rejected - Error on table BATCH_CHARGE_ADDITION, column REQUEST_USER_ID.
ORA-01400: kan ikke sette inn NULL i ("NINJADATA"."BATCH_CHARGE_ADDITION"."REQUEST_USER_ID")

Record 37: Rejected - Error on table BATCH_CHARGE_ADDITION, column REQUEST_USER_ID.
ORA-01400: kan ikke sette inn NULL i ("NINJADATA"."BATCH_CHARGE_ADDITION"."REQUEST_USER_ID")

Record 38: Rejected - Error on table BATCH_CHARGE_ADDITION, column REQUEST_USER_ID.
ORA-01400: kan ikke sette inn NULL i ("NINJADATA"."BATCH_CHARGE_ADDITION"."REQUEST_USER_ID")

Record 39: Rejected - Error on table BATCH_CHARGE_ADDITION, column REQUEST_USER_ID.
ORA-01400: kan ikke sette inn NULL i ("NINJADATA"."BATCH_CHARGE_ADDITION"."REQUEST_USER_ID")

Record 40: Rejected - Error on table BATCH_CHARGE_ADDITION, column REQUEST_USER_ID.
ORA-01400: kan ikke sette inn NULL i ("NINJADATA"."BATCH_CHARGE_ADDITION"."REQUEST_USER_ID")

Record 41: Rejected - Error on table BATCH_CHARGE_ADDITION, column REQUEST_USER_ID.
ORA-01400: kan ikke sette inn NULL i ("NINJADATA"."BATCH_CHARGE_ADDITION"."REQUEST_USER_ID")

Record 42: Rejected - Error on table BATCH_CHARGE_ADDITION, column REQUEST_USER_ID.
ORA-01400: kan ikke sette inn NULL i ("NINJADATA"."BATCH_CHARGE_ADDITION"."REQUEST_USER_ID")

Record 43: Rejected - Error on table BATCH_CHARGE_ADDITION, column REQUEST_USER_ID.
ORA-01400: kan ikke sette inn NULL i ("NINJADATA"."BATCH_CHARGE_ADDITION"."REQUEST_USER_ID")

Record 44: Rejected - Error on table BATCH_CHARGE_ADDITION, column REQUEST_USER_ID.
ORA-01400: kan ikke sette inn NULL i ("NINJADATA"."BATCH_CHARGE_ADDITION"."REQUEST_USER_ID")

Record 45: Rejected - Error on table BATCH_CHARGE_ADDITION, column REQUEST_USER_ID.
ORA-01400: kan ikke sette inn NULL i ("NINJADATA"."BATCH_CHARGE_ADDITION"."REQUEST_USER_ID")

Record 46: Rejected - Error on table BATCH_CHARGE_ADDITION, column REQUEST_USER_ID.
ORA-01400: kan ikke sette inn NULL i ("NINJADATA"."BATCH_CHARGE_ADDITION"."REQUEST_USER_ID")

Record 47: Rejected - Error on table BATCH_CHARGE_ADDITION, column REQUEST_USER_ID.
ORA-01400: kan ikke sette inn NULL i ("NINJADATA"."BATCH_CHARGE_ADDITION"."REQUEST_USER_ID")

Record 48: Rejected - Error on table BATCH_CHARGE_ADDITION, column REQUEST_USER_ID.
ORA-01400: kan ikke sette inn NULL i ("NINJADATA"."BATCH_CHARGE_ADDITION"."REQUEST_USER_ID")

Record 49: Rejected - Error on table BATCH_CHARGE_ADDITION, column REQUEST_USER_ID.
ORA-01400: kan ikke sette inn NULL i ("NINJADATA"."BATCH_CHARGE_ADDITION"."REQUEST_USER_ID")

Record 50: Rejected - Error on table BATCH_CHARGE_ADDITION, column REQUEST_USER_ID.
ORA-01400: kan ikke sette inn NULL i ("NINJADATA"."BATCH_CHARGE_ADDITION"."REQUEST_USER_ID")

Record 51: Rejected - Error on table BATCH_CHARGE_ADDITION, column REQUEST_USER_ID.
ORA-01400: kan ikke sette inn NULL i ("NINJADATA"."BATCH_CHARGE_ADDITION"."REQUEST_USER_ID")


MAXIMUM ERROR COUNT EXCEEDED - Above statistics reflect partial run.

Table BATCH_CHARGE_ADDITION:
  0 Rows successfully loaded.
  51 Rows not loaded due to data errors.
  0 Rows not loaded because all WHEN clauses were failed.
  0 Rows not loaded because all fields were null.


Space allocated for bind array:                 247680 bytes(64 rows)
Read   buffer bytes: 1048576

Total logical records skipped:          0
Total logical records read:            64
Total logical records rejected:        51
Total logical records discarded:        0

Run began on Fr Jun 01 14:56:21 2018
Run ended on Fr Jun 01 14:56:33 2018

Elapsed time was:     00:00:12.01
CPU time was:         00:00:00.12
