
SQL*Loader: Release 8.1.7.0.0 - Production on Tue Jul 18 13:26:03 2006

(c) Copyright 2000 Oracle Corporation.  All rights reserved.

Control File:   load.txt
Data File:      Add.ritid2.rvh.2006-07-18.txt
  Bad File:     bad.txt
  Discard File:  none specified

 (Allow all discards)

Number to load: ALL
Number to skip: 0
Errors allowed: 50
Bind array:     64 rows, maximum of 65536 bytes
Continuation:    none specified
Path used:      Conventional

Table BATCH_DISCOUNT_ADDITION, loaded from every logical record.
Insert option in effect for this table: APPEND

   Column Name                  Position   Len  Term Encl Datatype
------------------------------ ---------- ----- ---- ---- ---------------------
SUBSCRIBER_NO                       FIRST     *   ;  O(") CHARACTER
DISCOUNT_CODE                        NEXT     *   ;  O(") CHARACTER
MEMO_TEXT                            NEXT     *   ;  O(") CHARACTER
REQUEST_ID                           NEXT     *   ;  O(") CHARACTER
PROCESS_STATUS                                            CONSTANT
    Value is 'WAITING'
RECORD_CREATION_DATE                                      SYSDATE

Record 431: Rejected - Error on table BATCH_DISCOUNT_ADDITION, column SUBSCRIBER_NO.
Column not found before end of logical record (use TRAILING NULLCOLS)

Table BATCH_DISCOUNT_ADDITION:
  430 Rows successfully loaded.
  1 Row not loaded due to data errors.
  0 Rows not loaded because all WHEN clauses were failed.
  0 Rows not loaded because all fields were null.


Space allocated for bind array:                  65520 bytes(63 rows)
Space allocated for memory besides bind array:        0 bytes

Total logical records skipped:          0
Total logical records read:           431
Total logical records rejected:         1
Total logical records discarded:        0

Run began on Tue Jul 18 13:26:03 2006
Run ended on Tue Jul 18 13:26:04 2006

Elapsed time was:     00:00:01.08
CPU time was:         00:00:00.02
