
SQL*Loader: Release 19.0.0.0.0 - Production on Tue Mar 24 08:14:11 2020
Version 19.3.0.0.0

Copyright (c) 1982, 2019, Oracle and/or its affiliates.  All rights reserved.

Control File:   master_transactions.ctl
Character Set UTF8 specified for all input.

Data File:      MasterTransactionsTEST.5.txt
  Bad File:     MasterTransactionsTEST.5.bad
  Discard File:  none specified
 
 (Allow all discards)

Number to load: ALL
Number to skip: 0
Errors allowed: 50
Bind array:     250 rows, maximum of 1048576 bytes
Continuation:    none specified
Path used:      Conventional

Table MASTER_TRANSACTIONS, loaded from every logical record.
Insert option in effect for this table: APPEND
TRAILING NULLCOLS option in effect

   Column Name                  Position   Len  Term Encl Datatype
------------------------------ ---------- ----- ---- ---- ---------------------
TRANS_NUMBER                        FIRST     *   ;  O(") CHARACTER            
SUBSCRIBER_NO                        NEXT     *   ;  O(") CHARACTER            
SOC                                  NEXT     *   ;  O(") CHARACTER            
ACTION_CODE                          NEXT     *   ;  O(") CHARACTER            
NEW_SOC                              NEXT     *   ;  O(") CHARACTER            
ENTER_TIME                           NEXT     *   ;  O(") CHARACTER            
REQUEST_TIME                         NEXT     *   ;  O(") DATE YYYY-MM-DD HH24:MI
PROCESS_TIME                         NEXT     *   ;  O(") CHARACTER            
PROCESS_STATUS                       NEXT     *   ;  O(") CHARACTER            
STATUS_DESC                          NEXT     *   ;  O(") CHARACTER            
DEALER_CODE                          NEXT     *   ;  O(") CHARACTER            
SALES_AGENT                          NEXT     *   ;  O(") CHARACTER            
PRIORITY                             NEXT     *   ;  O(") CHARACTER            
REQUEST_ID                           NEXT     *   ;  O(") CHARACTER            
MEMO_TEXT                            NEXT     *   ;  O(") CHARACTER            
WAIVE_ACT_FEE                        NEXT     *   ;  O(") CHARACTER            
STREAM                               NEXT     *   ;  O(") CHARACTER            

value used for ROWS parameter changed from 250 to 239

Table MASTER_TRANSACTIONS:
  1 Row successfully loaded.
  0 Rows not loaded due to data errors.
  0 Rows not loaded because all WHEN clauses were failed.
  0 Rows not loaded because all fields were null.


Space allocated for bind array:                1048254 bytes(239 rows)
Read   buffer bytes: 1048576

Total logical records skipped:          0
Total logical records read:             1
Total logical records rejected:         0
Total logical records discarded:        0

Run began on Tue Mar 24 08:14:11 2020
Run ended on Tue Mar 24 08:14:11 2020

Elapsed time was:     00:00:00.44
CPU time was:         00:00:00.03
