
SQL*Loader: Release 11.2.0.1.0 - Production on Ti Jan 29 12:53:51 2019

Copyright (c) 1982, 2009, Oracle and/or its affiliates.  All rights reserved.

Control File:   batch_chg_pp_trans.ctl
Character Set WE8MSWIN1252 specified for all input.

Data File:      Batch_Change_PP_with_Socs.2019.01.29.04.txt
  Bad File:     Batch_Change_PP_with_Socs.2019.01.29.04.bad
  Discard File:  none specified
 
 (Allow all discards)

Number to load: ALL
Number to skip: 0
Errors allowed: 0
Bind array:     64 rows, maximum of 256000 bytes
Continuation:    none specified
Path used:      Conventional

Table "NINJADATA"."BATCH_CHANGE_PRICEPLAN", loaded from every logical record.
Insert option in effect for this table: APPEND
TRAILING NULLCOLS option in effect

   Column Name                  Position   Len  Term Encl Datatype
------------------------------ ---------- ----- ---- ---- ---------------------
SUBSCRIBER_NO                       FIRST     *   ;  O(") CHARACTER            
OLD_PRICEPLAN                        NEXT     *   ;  O(") CHARACTER            
NEW_PRICEPLAN                        NEXT     *   ;  O(") CHARACTER            
NEW_CAMPAIGN_CODE                    NEXT     *   ;  O(") CHARACTER            
NEW_SUBSCRIPTION_TYPE                NEXT     *   ;  O(") CHARACTER            
HANDLE_COMMITMENT                    NEXT     *   ;  O(") CHARACTER            
SOCS_TO_ADD                          NEXT     *   ;  O(") CHARACTER            
SOCS_TO_DELETE                       NEXT     *   ;  O(") CHARACTER            
EFFECTIVE_DATE                       NEXT     *   ;  O(") DATE YYYY-MM-DD HH24:MI
DEALER                               NEXT     *   ;  O(") CHARACTER            
SALES_AGENT                          NEXT     *   ;  O(") CHARACTER            
REASON_CODE                          NEXT     *   ;  O(") CHARACTER            
MEMO_TEXT                            NEXT     *   ;  O(") CHARACTER            
WAIVE_FEES                           NEXT     *   ;  O(") CHARACTER            
ENTER_TIME                           NEXT     *   ;  O(") CHARACTER            
REQUEST_TIME                         NEXT     *   ;  O(") DATE YYYY-MM-DD HH24:MI
PROCESS_TIME                         NEXT     *   ;  O(") CHARACTER            
PROCESS_STATUS                       NEXT     *   ;  O(") CHARACTER            
STATUS_DESC                          NEXT     *   ;  O(") CHARACTER            
REQUESTOR_ID                         NEXT     *   ;  O(") CHARACTER            
SKIP_NINJA_VALIDATION                NEXT     *   ;  O(") CHARACTER            
SEPARATE_SAVES                       NEXT     *   ;  O(") CHARACTER            

value used for ROWS parameter changed from 64 to 45

Table "NINJADATA"."BATCH_CHANGE_PRICEPLAN":
  188 Rows successfully loaded.
  0 Rows not loaded due to data errors.
  0 Rows not loaded because all WHEN clauses were failed.
  0 Rows not loaded because all fields were null.


Space allocated for bind array:                 255420 bytes(45 rows)
Read   buffer bytes: 1048576

Total logical records skipped:          0
Total logical records read:           188
Total logical records rejected:         0
Total logical records discarded:        0

Run began on Ti Jan 29 12:53:51 2019
Run ended on Ti Jan 29 12:53:57 2019

Elapsed time was:     00:00:05.73
CPU time was:         00:00:00.05
