
SQL*Loader: Release 11.2.0.1.0 - Production on Ma Nov 25 16:40:46 2019

Copyright (c) 1982, 2009, Oracle and/or its affiliates.  All rights reserved.

Control File:   batch_ban_home_phone_number_loader.ctl
Character Set WE8MSWIN1252 specified for all input.

Data File:      Batch_Ban_Home_Phone_Number_Update.2019.11.25.06.txt
  Bad File:     bad.bad
  Discard File:  none specified
 
 (Allow all discards)

Number to load: ALL
Number to skip: 0
Errors allowed: 50
Bind array:     64 rows, maximum of 256000 bytes
Continuation:    none specified
Path used:      Conventional

Table BATCH_BAN_HOME_PHONE_NO_UPDATE, loaded from every logical record.
Insert option in effect for this table: APPEND
TRAILING NULLCOLS option in effect

   Column Name                  Position   Len  Term Encl Datatype
------------------------------ ---------- ----- ---- ---- ---------------------
BAN_NO                              FIRST     *   ;  O(") CHARACTER            
HOME_PHONE_NO                        NEXT     *   ;  O(") CHARACTER            
PROCESS_TIME                         NEXT     *   ;  O(") CHARACTER            
STATUS_DESC                          NEXT     *   ;  O(") CHARACTER            
REQUEST_ID                           NEXT     *   ;  O(") CHARACTER            
REQUEST_USER_ID                      NEXT     *   ;  O(") CHARACTER            
PROCESS_STATUS                       NEXT     *   ;  O(") CHARACTER            


Table BATCH_BAN_HOME_PHONE_NO_UPDATE:
  32 Rows successfully loaded.
  0 Rows not loaded due to data errors.
  0 Rows not loaded because all WHEN clauses were failed.
  0 Rows not loaded because all fields were null.


Space allocated for bind array:                 115584 bytes(64 rows)
Read   buffer bytes: 1048576

Total logical records skipped:          0
Total logical records read:            32
Total logical records rejected:         0
Total logical records discarded:        0

Run began on Ma Nov 25 16:40:46 2019
Run ended on Ma Nov 25 16:40:49 2019

Elapsed time was:     00:00:02.65
CPU time was:         00:00:00.06
