
SQL*Loader: Release 11.2.0.1.0 - Production on Tue Mar 8 11:59:14 2016

Copyright (c) 1982, 2009, Oracle and/or its affiliates.  All rights reserved.

Control File:   hgu_response.ctl
Data File:      C:\Projects\svn\ninja-batch-jobs\Batch_Print_Category\PrintCategory.nlw0928.MDL.08.03.2016.02.txt
  Bad File:     PrintCategory.nlw0928.MDL.08.03.2016.02.bad
  Discard File:  none specified
 
 (Allow all discards)

Number to load: ALL
Number to skip: 0
Errors allowed: 50
Bind array:     64 rows, maximum of 256000 bytes
Continuation:    none specified
Path used:      Conventional

Table BATCH_PRINT_CATEGORY, loaded from every logical record.
Insert option in effect for this table: APPEND
TRAILING NULLCOLS option in effect

   Column Name                  Position   Len  Term Encl Datatype
------------------------------ ---------- ----- ---- ---- ---------------------
TRANS_NUMBER                        FIRST     *   ;  O(") CHARACTER            
BAN                                  NEXT     *   ;  O(") CHARACTER            
PRINT_CATEGORY                       NEXT     *   ;  O(") CHARACTER            
EMAIL                                NEXT     *   ;  O(") CHARACTER            
DEALER_CODE                          NEXT     *   ;  O(") CHARACTER            
SALES_AGENT                          NEXT     *   ;  O(") CHARACTER            
MEMO_TEXT                            NEXT     *   ;  O(") CHARACTER            
ENTER_TIME                           NEXT     *   ;  O(") CHARACTER            
REQUEST_TIME                         NEXT     *   ;  O(") DATE YYYY-MM-DD HH24:MI
PROCESS_TIME                         NEXT     *   ;  O(") CHARACTER            
PROCESS_STATUS                       NEXT     *   ;  O(") CHARACTER            
REQUEST_ID                           NEXT     *   ;  O(") CHARACTER            
STATUS_DESC                          NEXT     *   ;  O(") CHARACTER            


Table BATCH_PRINT_CATEGORY:
  14 Rows successfully loaded.
  0 Rows not loaded due to data errors.
  0 Rows not loaded because all WHEN clauses were failed.
  0 Rows not loaded because all fields were null.


Space allocated for bind array:                 214656 bytes(64 rows)
Read   buffer bytes: 1048576

Total logical records skipped:          0
Total logical records read:            14
Total logical records rejected:         0
Total logical records discarded:        0

Run began on Tue Mar 08 11:59:14 2016
Run ended on Tue Mar 08 11:59:18 2016

Elapsed time was:     00:00:04.16
CPU time was:         00:00:00.14
