
SQL*Loader: Release 11.2.0.1.0 - Production on Thu Jan 19 17:55:22 2017

Copyright (c) 1982, 2009, Oracle and/or its affiliates.  All rights reserved.

Control File:   hgu_runloader.ctl
Character Set WE8MSWIN1252 specified for all input.

Data File:      Batch_Adjustment_Addition.19.01.2017.02.txt
  Bad File:     hgu_runloader.bad
  Discard File:  none specified
 
 (Allow all discards)

Number to load: ALL
Number to skip: 0
Errors allowed: 50
Bind array:     64 rows, maximum of 256000 bytes
Continuation:    none specified
Path used:      Conventional

Table BATCH_ADJUSTMENT_ADDITION, loaded from every logical record.
Insert option in effect for this table: APPEND
TRAILING NULLCOLS option in effect

   Column Name                  Position   Len  Term Encl Datatype
------------------------------ ---------- ----- ---- ---- ---------------------
BAN_NO                              FIRST     *   ;  O(") CHARACTER            
SUBSCRIBER_NO                        NEXT     *   ;  O(") CHARACTER            
ADJUSTMENT_CODE                      NEXT     *   ;  O(") CHARACTER            
MEMO_TEXT                            NEXT     *   ;  O(") CHARACTER            
USER_BILL_TEXT                       NEXT     *   ;  O(") CHARACTER            
AMOUNT                               NEXT     *   ;  O(") CHARACTER            
PROCESS_STATUS                       NEXT     *   ;  O(") CHARACTER            
PROCESS_TIME                         NEXT     *   ;  O(") CHARACTER            
STATUS_DESC                          NEXT     *   ;  O(") CHARACTER            
RECORD_CREATION_DATE                 NEXT     *   ;  O(") CHARACTER            
REQUEST_ID                           NEXT     *   ;  O(") CHARACTER            
STREAM                               NEXT     *   ;  O(") CHARACTER            
REQUEST_USER_ID                      NEXT     *   ;  O(") CHARACTER            
EFFECTIVE_DATE                       NEXT     *   ;  O(") CHARACTER            

Record 18: Rejected - Error on table BATCH_ADJUSTMENT_ADDITION, column SUBSCRIBER_NO.
ORA-12899: value too large for column "NINJADATA"."BATCH_ADJUSTMENT_ADDITION"."SUBSCRIBER_NO" (actual: 18, maximum: 15)

Record 172: Rejected - Error on table BATCH_ADJUSTMENT_ADDITION, column SUBSCRIBER_NO.
ORA-12899: value too large for column "NINJADATA"."BATCH_ADJUSTMENT_ADDITION"."SUBSCRIBER_NO" (actual: 18, maximum: 15)

Record 173: Rejected - Error on table BATCH_ADJUSTMENT_ADDITION, column SUBSCRIBER_NO.
ORA-12899: value too large for column "NINJADATA"."BATCH_ADJUSTMENT_ADDITION"."SUBSCRIBER_NO" (actual: 18, maximum: 15)


Table BATCH_ADJUSTMENT_ADDITION:
  233 Rows successfully loaded.
  3 Rows not loaded due to data errors.
  0 Rows not loaded because all WHEN clauses were failed.
  0 Rows not loaded because all fields were null.


Space allocated for bind array:                 231168 bytes(64 rows)
Read   buffer bytes: 1048576

Total logical records skipped:          0
Total logical records read:           236
Total logical records rejected:         3
Total logical records discarded:        0

Run began on Thu Jan 19 17:55:22 2017
Run ended on Thu Jan 19 17:55:32 2017

Elapsed time was:     00:00:10.17
CPU time was:         00:00:00.06
