SQL> set pagesize 1000
SQL> 
SQL> select subscriber_no
  2  from subscriber s
  3  where cust_watch_date is not null
  4  and exists (select 1 from service_agreement sa
  5  where sa.subscriber_no=s.subscriber_no
  6  and sa.ban=s.customer_id
  7  and soc='MYHINT'
  8  and effective_date > TO_DATE('20050601','YYYYMMDD')
  9  and expiration_date > sysdate)
 10  ;

SUBSCRIBER_NO                                                                   
--------------------                                                            
GSM04792266668                                                                  
GSM04792605123                                                                  
GSM04792450271                                                                  
GSM04792067947                                                                  
GSM04792487700                                                                  
GSM04792667711                                                                  
GSM04792087935                                                                  
GSM04793423208                                                                  
GSM04792689573                                                                  
GSM04793064679                                                                  
GSM04792098241                                                                  
GSM04792285462                                                                  
GSM04793212869                                                                  
GSM04792667560                                                                  
GSM04792638566                                                                  
GSM04792246551                                                                  
GSM04793012396                                                                  
GSM04792606391                                                                  
GSM04793429526                                                                  
GSM04793035808                                                                  
GSM04792400242                                                                  
GSM04792424799                                                                  
GSM04793064823                                                                  
GSM04792283021                                                                  
GSM04792456445                                                                  
GSM04792063137                                                                  
GSM04793064455                                                                  
GSM04790671116                                                                  
GSM04790829353                                                                  
GSM04792409108                                                                  
GSM04792825215                                                                  
GSM04791734864                                                                  
GSM04795038142                                                                  
GSM04798811559                                                                  
GSM04792661243                                                                  
GSM04795193665                                                                  
GSM04793896169                                                                  
GSM04798433115                                                                  
GSM04799533861                                                                  
GSM04792666332                                                                  
GSM04797527815                                                                  
GSM04741317406                                                                  
GSM04792421456                                                                  
GSM04792403691                                                                  
GSM04792626787                                                                  
GSM04798809448                                                                  
GSM04793405345                                                                  
GSM04792817625                                                                  
GSM04799748865                                                                  
GSM04792211924                                                                  
GSM04792037742                                                                  
GSM04792201988                                                                  
GSM04795970856                                                                  
GSM04793264566                                                                  
GSM04793484277                                                                  
GSM04793227558                                                                  
GSM04792821268                                                                  
GSM04791681569                                                                  
GSM04790551911                                                                  
GSM04740850679                                                                  
GSM04793064674                                                                  
GSM04792819420                                                                  
GSM04741333391                                                                  
GSM04792625333                                                                  
GSM04792616591                                                                  
GSM04795841190                                                                  
GSM04740857084                                                                  
GSM04792861766                                                                  
GSM04793032888                                                                  
GSM04798888115                                                                  
GSM04799321400                                                                  
GSM04792403370                                                                  
GSM04798807747                                                                  
GSM04790020211                                                                  
GSM04791557757                                                                  
GSM04745211254                                                                  
GSM04792683846                                                                  
GSM04795706222                                                                  
GSM04741270716                                                                  
GSM04793263033                                                                  
GSM04745212835                                                                  
GSM04791894542                                                                  
GSM04797008359                                                                  
GSM04792093590                                                                  
GSM04793282164                                                                  
GSM04792486902                                                                  
GSM04792605051                                                                  
GSM04792283342                                                                  
GSM04748030984                                                                  
GSM04798009906                                                                  
GSM04740249177                                                                  
GSM04793035120                                                                  
GSM04793857446                                                                  
GSM04741933396                                                                  
GSM04792293157                                                                  
GSM04798844285                                                                  
GSM04792224238                                                                  
GSM04790537825                                                                  
GSM04792098889                                                                  
GSM04792407590                                                                  
GSM04793803566                                                                  
GSM04792246727                                                                  
GSM04790728859                                                                  
GSM04792802784                                                                  
GSM04793008461                                                                  
GSM04792059082                                                                  
GSM04792453629                                                                  
GSM04793052960                                                                  
GSM04799744714                                                                  
GSM04792268948                                                                  
GSM04797113380                                                                  
GSM04790105352                                                                  
GSM04792082519                                                                  
GSM04793038457                                                                  
GSM04798659976                                                                  
GSM04792657785                                                                  
GSM04792493906                                                                  
GSM04748150549                                                                  
GSM04792699419                                                                  
GSM04791118892                                                                  
GSM04745453448                                                                  
GSM04795100486                                                                  
GSM04791312111                                                                  
GSM04793890934                                                                  
GSM04792068943                                                                  
GSM04798668520                                                                  
GSM04791738080                                                                  
GSM04792244308                                                                  
GSM04792237768                                                                  
GSM04798879912                                                                  
GSM04790950116                                                                  
GSM04745266458                                                                  
GSM04792056665                                                                  
GSM04745298966                                                                  
GSM04741935160                                                                  
GSM04741563029                                                                  
GSM04793257978                                                                  
GSM04793682505                                                                  
GSM04745432100                                                                  
GSM04792038289                                                                  
GSM04795703632                                                                  
GSM04793288798                                                                  
GSM04745468000                                                                  
GSM04740492605                                                                  
GSM04797193073                                                                  
GSM04799158434                                                                  
GSM04793289096                                                                  
GSM04793896718                                                                  
GSM04793440227                                                                  
GSM04798069363                                                                  
GSM04793034910                                                                  
GSM04745044821                                                                  
GSM04791550176                                                                  
GSM04795864485                                                                  
GSM04793210752                                                                  
GSM04747658432                                                                  
GSM04792037588                                                                  
GSM04793445407                                                                  
GSM04792852119                                                                  
GSM04741429203                                                                  
GSM04792081212                                                                  
GSM04792094153                                                                  
GSM04795848723                                                                  
GSM04797100789                                                                  
GSM04792498815                                                                  
GSM04793423499                                                                  
GSM04792880763                                                                  
GSM04790784664                                                                  
GSM04797573487                                                                  
GSM04792055765                                                                  
GSM04793445722                                                                  
GSM04790044966                                                                  
GSM04793413028                                                                  
GSM04740825494                                                                  
GSM04798857170                                                                  
GSM04745246537                                                                  
GSM04792092429                                                                  
GSM04798841526                                                                  
GSM04792848978                                                                  
GSM04793097059                                                                  
GSM04792283345                                                                  
GSM04791717983                                                                  
GSM04792239606                                                                  
GSM04792095275                                                                  
GSM04799733794                                                                  
GSM04792865869                                                                  
GSM04792428532                                                                  
GSM04741423417                                                                  
GSM04798244112                                                                  
GSM04793493076                                                                  
GSM04798400127                                                                  
GSM04791646240                                                                  
GSM04793034478                                                                  
GSM04797973322                                                                  
GSM04791109867                                                                  
GSM04793658828                                                                  
GSM04793060355                                                                  
GSM04740868096                                                                  
GSM04792203507                                                                  
GSM04793044208                                                                  
GSM04741202474                                                                  
GSM04793481128                                                                  
GSM04792050735                                                                  
GSM04793481468                                                                  
GSM04792620766                                                                  
GSM04799788660                                                                  
GSM04798485867                                                                  
GSM04748108428                                                                  
GSM04797029251                                                                  
GSM04793848781                                                                  
GSM04790077831                                                                  
GSM04798016597                                                                  
GSM04799567564                                                                  
GSM04745456445                                                                  
GSM04798063863                                                                  
GSM04797121032                                                                  
GSM04792655135                                                                  
GSM04745274456                                                                  
GSM04792255116                                                                  
GSM04791801751                                                                  
GSM04791337396                                                                  
GSM04793246291                                                                  
GSM04795819859                                                                  
GSM04795876899                                                                  
GSM04793452285                                                                  
GSM04793261334                                                                  
GSM04793202936                                                                  
GSM04795246202                                                                  
GSM04745476773                                                                  
GSM04792634656                                                                  
GSM04793486579                                                                  
GSM04799389641                                                                  
GSM04792011874                                                                  
GSM04792284370                                                                  
GSM04792284040                                                                  
GSM04792420616                                                                  
GSM04792825252                                                                  
GSM04745446817                                                                  
GSM04793082548                                                                  
GSM04793464523                                                                  
GSM04792612496                                                                  
GSM04795108717                                                                  
GSM04793096623                                                                  
GSM04792216546                                                                  
GSM04797142227                                                                  
GSM04793458343                                                                  
GSM04790622625                                                                  
GSM04791608719                                                                  
GSM04740065981                                                                  
GSM04793462666                                                                  
GSM04793499068                                                                  
GSM04793059895                                                                  
GSM04791536772                                                                  
GSM04747335644                                                                  
GSM04793436592                                                                  
GSM04793085989                                                                  
GSM04792682206                                                                  
GSM04748269351                                                                  
GSM04792457104                                                                  
GSM04748270639                                                                  
GSM04790295227                                                                  
GSM04793039906                                                                  
GSM04793459121                                                                  
GSM04792043153                                                                  
GSM04792202178                                                                  
GSM04793437607                                                                  
GSM04795946221                                                                  
GSM04745270708                                                                  
GSM04797117453                                                                  
GSM04741697899                                                                  
GSM04797778558                                                                  
GSM04792814645                                                                  
GSM04793259665                                                                  
GSM04799501144                                                                  
GSM04799300615                                                                  
GSM04797646365                                                                  
GSM04740458208                                                                  
GSM04741429038                                                                  
GSM04795878478                                                                  
GSM04790924730                                                                  
GSM04799415487                                                                  
GSM04793491120                                                                  
GSM04795115054                                                                  
GSM04793456826                                                                  
GSM04790655550                                                                  
GSM04748104204                                                                  
GSM04791725645                                                                  
GSM04791864878                                                                  
GSM04748004469                                                                  
GSM04792420931                                                                  
GSM04745202523                                                                  
GSM04793049912                                                                  
GSM04790625919                                                                  
GSM04793829040                                                                  
GSM04748230401                                                                  
GSM04795795292                                                                  
GSM04799476139                                                                  
GSM04792053582                                                                  
GSM04799295197                                                                  
GSM04798858894                                                                  
GSM04740461193                                                                  
GSM04792896251                                                                  
GSM04793221710                                                                  
GSM04792059205                                                                  
GSM04792661543                                                                  
GSM04792692258                                                                  
GSM04792682308                                                                  
GSM04792819939                                                                  
GSM04792613405                                                                  
GSM04792846114                                                                  
GSM04740484016                                                                  
GSM04745414395                                                                  
GSM04792841683                                                                  
GSM04793082554                                                                  
GSM04793060448                                                                  
GSM04792888398                                                                  
GSM04793060957                                                                  
GSM04792850425                                                                  
GSM04793674769                                                                  
GSM04792853864                                                                  
GSM04745412700                                                                  
GSM04745412629                                                                  
GSM04745412557                                                                  
GSM04792804771                                                                  
GSM04745631266                                                                  
GSM04745414167                                                                  
GSM04745414254                                                                  
GSM04745414130                                                                  
GSM04745414238                                                                  
GSM04745414775                                                                  
GSM04745413882                                                                  
GSM04745200217                                                                  
GSM04798833618                                                                  
GSM04799621259                                                                  
GSM04798649223                                                                  
GSM04745416188                                                                  
GSM04745415748                                                                  
GSM04745415128                                                                  
GSM04745415276                                                                  
GSM04745415169                                                                  
GSM04745415461                                                                  
GSM04748138525                                                                  
GSM04795921986                                                                  
GSM04748250234                                                                  
GSM04797722159                                                                  
GSM04741234841                                                                  
GSM04741252833                                                                  
GSM04797517833                                                                  
GSM04791830705                                                                  
GSM04748303154                                                                  
GSM04791111147                                                                  
GSM04741677193                                                                  
GSM04790691831                                                                  
GSM04797613444                                                                  
GSM04799313265                                                                  
GSM04792044085                                                                  
GSM04793496623                                                                  
GSM04745416848                                                                  
GSM04745200140                                                                  
GSM04792217575                                                                  
GSM04797151236                                                                  
GSM04792242287                                                                  
GSM04792254116                                                                  
GSM04747619477                                                                  
GSM04793490091                                                                  
GSM04797700884                                                                  
GSM04792464202                                                                  
GSM04792630857                                                                  
GSM04792258521                                                                  
GSM04798640146                                                                  
GSM04792619930                                                                  
GSM04792208868                                                                  
GSM04793066753                                                                  
GSM04792296417                                                                  
GSM04792436001                                                                  
GSM04792434884                                                                  
GSM04792425963                                                                  
GSM04798890560                                                                  
GSM04741212576                                                                  
GSM04792444508                                                                  
GSM04747039847                                                                  
GSM04745297154                                                                  
GSM04798425631                                                                  
GSM04747252430                                                                  
GSM04799226867                                                                  
GSM04741441863                                                                  
GSM04791757884                                                                  
GSM04792436158                                                                  
GSM04745205905                                                                  
GSM04792465766                                                                  
GSM04792608672                                                                  
GSM04792607754                                                                  
GSM04792053538                                                                  
GSM04793815273                                                                  
GSM04792623372                                                                  
GSM04792637007                                                                  
GSM04792655694                                                                  
GSM04792611849                                                                  
GSM04792227618                                                                  
GSM04798895289                                                                  
GSM04799740899                                                                  
GSM04797740129                                                                  
GSM04792684885                                                                  
GSM04792612047                                                                  
GSM04795903296                                                                  
GSM04790764566                                                                  
GSM04741564153                                                                  
GSM04746473318                                                                  
GSM04792654843                                                                  
GSM04798639755                                                                  
GSM04799622877                                                                  
GSM04795286314                                                                  
GSM04797761261                                                                  
GSM04792691439                                                                  
GSM04792692247                                                                  
GSM04740451566                                                                  
GSM04792817224                                                                  
GSM04792694407                                                                  
GSM04793200725                                                                  
GSM04793224134                                                                  
GSM04792493753                                                                  
GSM04793089875                                                                  
GSM04792206844                                                                  
GSM04797002588                                                                  
GSM04799701886                                                                  
GSM04792824732                                                                  
GSM04792886411                                                                  
GSM04745272418                                                                  
GSM04793684760                                                                  
GSM04793022237                                                                  
GSM04793644161                                                                  
GSM04793844774                                                                  
GSM04746445266                                                                  
GSM04792217697                                                                  
GSM04792081924                                                                  
GSM04793219826                                                                  
GSM04798427357                                                                  
GSM04792027275                                                                  
GSM04792688829                                                                  
GSM04792284194                                                                  
GSM04745632304                                                                  
GSM04793448335                                                                  
GSM04793042007                                                                  
GSM04791518697                                                                  
GSM04746445598                                                                  
GSM04792236410                                                                  
GSM04792223761                                                                  
GSM04747084064                                                                  
GSM04793666149                                                                  
GSM04747757174                                                                  
GSM04793045467                                                                  
GSM04792284316                                                                  
GSM04792038088                                                                  
GSM04792497962                                                                  
GSM04793266979                                                                  
GSM04792417239                                                                  
GSM04793626725                                                                  
GSM04792614091                                                                  
GSM04792630408                                                                  
GSM04792634167                                                                  
GSM04793639581                                                                  
GSM04792619528                                                                  
GSM04792656456                                                                  
GSM04792625463                                                                  
GSM04747258569                                                                  
GSM04747059288                                                                  
GSM04794415729                                                                  
GSM04792256776                                                                  
GSM04791691770                                                                  
GSM04799046493                                                                  
GSM04745443848                                                                  
GSM04792699375                                                                  
GSM04745224815                                                                  
GSM04792668179                                                                  
GSM04798672000                                                                  
GSM04748251632                                                                  
GSM04792256949                                                                  
GSM04797183588                                                                  
GSM04747618758                                                                  
GSM04791863406                                                                  
GSM04748024222                                                                  
GSM04746445635                                                                  
GSM04793016871                                                                  
GSM04798650953                                                                  
GSM04792491556                                                                  
GSM04746445845                                                                  
GSM04792837146                                                                  
GSM04746445812                                                                  
GSM04799561799                                                                  
GSM04793445806                                                                  
GSM04790889865                                                                  
GSM04745215841                                                                  
GSM04792485801                                                                  
GSM04793002566                                                                  
GSM04798881287                                                                  
GSM04746445922                                                                  
GSM04746445952                                                                  
GSM04746445950                                                                  
GSM04746445955                                                                  
GSM04792693883                                                                  
GSM04790993805                                                                  
GSM04792646378                                                                  
GSM04798829178                                                                  
GSM04792880821                                                                  
GSM04792421552                                                                  
GSM04798865922                                                                  
GSM04740469949                                                                  
GSM04740202092                                                                  
GSM04792649238                                                                  
GSM04792439535                                                                  
GSM04792446128                                                                  
GSM04792447804                                                                  
GSM04798869597                                                                  
GSM04792032351                                                                  
GSM04793429475                                                                  
GSM04792630072                                                                  
GSM04792615133                                                                  
GSM04792862357                                                                  
GSM04793461799                                                                  
GSM04797504593                                                                  
GSM04745428609                                                                  
GSM04792289782                                                                  
GSM04792047397                                                                  
GSM04797966509                                                                  
GSM04799242338                                                                  
GSM04747621830                                                                  
GSM04741642889                                                                  
GSM04798486690                                                                  
GSM04790925712                                                                  
GSM04792023715                                                                  
GSM04793458878                                                                  
GSM04792285261                                                                  
GSM04792649463                                                                  
GSM04740243983                                                                  
GSM04793024341                                                                  
GSM04740070584                                                                  
GSM04799570643                                                                  
GSM04793871093                                                                  
GSM04792261702                                                                  
GSM04745480688                                                                  
GSM04792684487                                                                  
GSM04792662757                                                                  
GSM04792812423                                                                  
GSM04792663204                                                                  
GSM04741202907                                                                  
GSM04793212318                                                                  
GSM04798896289                                                                  
GSM04798867646                                                                  
GSM04795249508                                                                  
GSM04795775566                                                                  
GSM04793008809                                                                  
GSM04741545528                                                                  
GSM04793285009                                                                  
GSM04797101095                                                                  
GSM04792891073                                                                  
GSM04793022977                                                                  
GSM04793042015                                                                  
GSM04792839316                                                                  
GSM04793631156                                                                  
GSM04792067964                                                                  
GSM04799792981                                                                  
GSM04798468661                                                                  
GSM04740861342                                                                  
GSM04792833037                                                                  
GSM04793062101                                                                  
GSM04793426880                                                                  
GSM04793491159                                                                  
GSM04792438984                                                                  
GSM04792855677                                                                  
GSM04797546705                                                                  
GSM04793212833                                                                  
GSM04798632993                                                                  
GSM04745222808                                                                  
GSM04792866959                                                                  
GSM04798624406                                                                  
GSM04741646707                                                                  
GSM04792683983                                                                  
GSM04792694285                                                                  
GSM04793217796                                                                  
GSM04793222098                                                                  
GSM04793222462                                                                  
GSM04792619700                                                                  
GSM04790023822                                                                  
GSM04792260250                                                                  
GSM04745225477                                                                  
GSM04790960882                                                                  
GSM04792802273                                                                  
GSM04793683318                                                                  
GSM04792846147                                                                  
GSM04792094950                                                                  
GSM04793002769                                                                  
GSM04792219534                                                                  
GSM04791782383                                                                  
GSM04799693707                                                                  
GSM04741309233                                                                  
GSM04799402202                                                                  
GSM04797090006                                                                  
GSM04795132590                                                                  
GSM04790171725                                                                  
GSM04797029536                                                                  
GSM04796209404                                                                  
GSM04793818192                                                                  
GSM04797953649                                                                  
GSM04748067172                                                                  
GSM04745472618                                                                  
GSM04748283797                                                                  
GSM04797017291                                                                  
GSM04748285818                                                                  
GSM04741211455                                                                  
GSM04747242030                                                                  
GSM04792436668                                                                  
GSM04793450368                                                                  
GSM04792813679                                                                  
GSM04793247464                                                                  
GSM04798865442                                                                  
GSM04792011213                                                                  
GSM04792486262                                                                  
GSM04792029071                                                                  
GSM04793618080                                                                  
GSM04792044782                                                                  
GSM04792048121                                                                  
GSM04792045931                                                                  
GSM04792881934                                                                  
GSM04798835834                                                                  
GSM04792499868                                                                  
GSM04793296684                                                                  
GSM04741604841                                                                  
GSM04795868445                                                                  
GSM04741804936                                                                  
GSM04797643438                                                                  
GSM04741330290                                                                  
GSM04745247986                                                                  
GSM04798666689                                                                  
GSM04793250334                                                                  
GSM04793236639                                                                  
GSM04791810585                                                                  
GSM04793843514                                                                  
GSM04791676447                                                                  
GSM04793437906                                                                  
GSM04793413061                                                                  
GSM04747288344                                                                  
GSM04793223253                                                                  
GSM04799231452                                                                  
GSM04792462493                                                                  
GSM04792827538                                                                  
GSM04790722821                                                                  
GSM04797951288                                                                  
GSM04790045037                                                                  
GSM04795709151                                                                  
GSM04792446570                                                                  
GSM04746461633                                                                  
GSM04793247143                                                                  
GSM04792257858                                                                  
GSM04792898522                                                                  
GSM04798403994                                                                  
GSM04792823503                                                                  
GSM04792695377                                                                  
GSM04792694351                                                                  
GSM04792623627                                                                  
GSM04790832134                                                                  
GSM04798456328                                                                  
GSM04793677029                                                                  
GSM04792660782                                                                  
GSM04793255671                                                                  
GSM04798464599                                                                  
GSM04792443281                                                                  
GSM04792881561                                                                  
GSM04791592584                                                                  
GSM04795913805                                                                  
GSM04791805409                                                                  
GSM04792600263                                                                  
GSM04793096287                                                                  
GSM04798481742                                                                  
GSM04793282896                                                                  
GSM04795773291                                                                  
GSM04792032113                                                                  
GSM04792227599                                                                  
GSM04793413732                                                                  
GSM04792030753                                                                  
GSM04792400995                                                                  
GSM04792212185                                                                  
GSM04798015594                                                                  
GSM04793417177                                                                  
GSM04792449648                                                                  
GSM04798015480                                                                  
GSM04792291446                                                                  
GSM04792661534                                                                  
GSM04792898608                                                                  
GSM04792032428                                                                  
GSM04795175303                                                                  
GSM04791375046                                                                  
GSM04792803092                                                                  
GSM04793685316                                                                  
GSM04748103484                                                                  
GSM04792400895                                                                  
GSM04792407786                                                                  
GSM04790011357                                                                  
GSM04793677433                                                                  
GSM04793490824                                                                  
GSM04793087931                                                                  
GSM04793013817                                                                  
GSM04793030551                                                                  
GSM04740844964                                                                  
GSM04792691143                                                                  
GSM04792649891                                                                  
GSM04799627722                                                                  
GSM04793682209                                                                  
GSM04792048580                                                                  
GSM04792847616                                                                  
GSM04792848873                                                                  
GSM04790046483                                                                  
GSM04741147735                                                                  
GSM04741684804                                                                  
GSM04790994639                                                                  
GSM04790963747                                                                  
GSM04795191333                                                                  
GSM04793405988                                                                  
GSM04792026381                                                                  
GSM04792055789                                                                  
GSM04792240657                                                                  
GSM04793258083                                                                  
GSM04792023515                                                                  
GSM04792024583                                                                  
GSM04792650108                                                                  
GSM04792834019                                                                  
GSM04791163247                                                                  
GSM04798858540                                                                  
GSM04792612108                                                                  
GSM04792626790                                                                  
GSM04792267723                                                                  
GSM04798665429                                                                  
GSM04798044419                                                                  
GSM04792298367                                                                  
GSM04792491993                                                                  
GSM04792638998                                                                  
GSM04798039940                                                                  
GSM04798039303                                                                  
GSM04747623144                                                                  
GSM04747663296                                                                  
GSM04741314352                                                                  
GSM04741225062                                                                  
GSM04793854760                                                                  
GSM04792690612                                                                  
GSM04792281339                                                                  
GSM04792654259                                                                  
GSM04745276749                                                                  
GSM04793633797                                                                  
GSM04793266538                                                                  
GSM04797076181                                                                  
GSM04747756730                                                                  
GSM04790514463                                                                  
GSM04790133174                                                                  
GSM04748066205                                                                  
GSM04795271742                                                                  
GSM04797083033                                                                  
GSM04791103847                                                                  
GSM04792215689                                                                  
GSM04792042110                                                                  
GSM04792681123                                                                  
GSM04795850347                                                                  
GSM04798007886                                                                  
GSM04740495009                                                                  
GSM04741474028                                                                  
GSM04792658403                                                                  
GSM04792660036                                                                  
GSM04745272179                                                                  
GSM04798831343                                                                  
GSM04792852197                                                                  
GSM04793205867                                                                  
GSM04793281770                                                                  
GSM04792624892                                                                  
GSM04793264663                                                                  
GSM04747669619                                                                  
GSM04792064228                                                                  
GSM04792454522                                                                  
GSM04792619602                                                                  
GSM04798480893                                                                  
GSM04798617101                                                                  
GSM04741416440                                                                  
GSM04792613486                                                                  
GSM04792694493                                                                  
GSM04792839228                                                                  
GSM04799492983                                                                  
GSM04741697486                                                                  
GSM04791193062                                                                  

785 rows selected.

Elapsed: 00:01:26.63
SQL> 
SQL> spool off
