
SQL*Loader: Release 19.0.0.0.0 - Production on Fri Nov 25 15:42:41 2022
Version 19.3.0.0.0

Copyright (c) 1982, 2019, Oracle and/or its affiliates.  All rights reserved.

Control File:   hgu_runloader.ctl
Character Set UTF8 specified for all input.

Data File:      2022/2022-11-25.Additional.Title.repair.txt
  Bad File:     hgu_runloader.bad
  Discard File:  none specified
 
 (Allow all discards)

Number to load: ALL
Number to skip: 0
Errors allowed: 50
Bind array:     250 rows, maximum of 1048576 bytes
Continuation:    none specified
Path used:      Conventional

Table BATCH_NAME_UPDATE, loaded from every logical record.
Insert option in effect for this table: APPEND
TRAILING NULLCOLS option in effect

   Column Name                  Position   Len  Term Encl Datatype
------------------------------ ---------- ----- ---- ---- ---------------------
BAN                                 FIRST     *   ;  O(") CHARACTER            
SUBSCRIBER_NO                        NEXT     *   ;  O(") CHARACTER            
LINK_TYPE                            NEXT     *   ;  O(") CHARACTER            
CHG_BIRTH_DATE                       NEXT     *   ;  O(") CHARACTER            
BIRTH_DATE                           NEXT     *   ;  O(") DATE YYYY-MM-DD      
CHG_GENDER                           NEXT     *   ;  O(") CHARACTER            
GENDER                               NEXT     *   ;  O(") CHARACTER            
CHG_PID                              NEXT     *   ;  O(") CHARACTER            
PID                                  NEXT     *   ;  O(") CHARACTER            
NAME_TYPE                            NEXT     *   ;  O(") CHARACTER            
ROLE_IND                             NEXT     *   ;  O(") CHARACTER            
ROLE_NAME                            NEXT     *   ;  O(") CHARACTER            
ADDITIONAL_TITLE                     NEXT     *   ;  O(") CHARACTER            
FIRST_NAME                           NEXT     *   ;  O(") CHARACTER            
LAST_NAME                            NEXT     *   ;  O(") CHARACTER            
COMP_ADDITIONAL_TITLE                NEXT     *   ;  O(") CHARACTER            
COMP_NAME                            NEXT     *   ;  O(") CHARACTER            
CONTACT_NAME                         NEXT     *   ;  O(") CHARACTER            
ENTER_TIME                           NEXT     *   ;  O(") DATE YYYY-MM-DD HH24:MI
REQUEST_TIME                         NEXT     *   ;  O(") DATE YYYY-MM-DD HH24:MI
REQUESTOR_ID                         NEXT     *   ;  O(") CHARACTER            
PROCESS_TIME                         NEXT     *   ;  O(") DATE YYYY-MM-DD HH24:MI
PROCESS_STATUS                       NEXT     *   ;  O(") CHARACTER            
STATUS_DESC                          NEXT     *   ;  O(") CHARACTER            

value used for ROWS parameter changed from 250 to 169
Record 6: Rejected - Error on table BATCH_NAME_UPDATE, column PROCESS_TIME.
ORA-01841: (full) year must be between -4713 and +9999, and not be 0

Record 25: Rejected - Error on table BATCH_NAME_UPDATE, column PROCESS_TIME.
ORA-01841: (full) year must be between -4713 and +9999, and not be 0

Record 73: Rejected - Error on table BATCH_NAME_UPDATE, column PROCESS_TIME.
ORA-01841: (full) year must be between -4713 and +9999, and not be 0

Record 119: Rejected - Error on table BATCH_NAME_UPDATE, column PROCESS_TIME.
ORA-01841: (full) year must be between -4713 and +9999, and not be 0

Record 158: Rejected - Error on table BATCH_NAME_UPDATE, column PROCESS_TIME.
ORA-01841: (full) year must be between -4713 and +9999, and not be 0

Record 170: Rejected - Error on table BATCH_NAME_UPDATE, column PROCESS_TIME.
ORA-01841: (full) year must be between -4713 and +9999, and not be 0

Record 173: Rejected - Error on table BATCH_NAME_UPDATE, column PROCESS_TIME.
ORA-01841: (full) year must be between -4713 and +9999, and not be 0

Record 175: Rejected - Error on table BATCH_NAME_UPDATE, column PROCESS_TIME.
ORA-01841: (full) year must be between -4713 and +9999, and not be 0

Record 189: Rejected - Error on table BATCH_NAME_UPDATE, column PROCESS_TIME.
ORA-01841: (full) year must be between -4713 and +9999, and not be 0

Record 198: Rejected - Error on table BATCH_NAME_UPDATE, column PROCESS_TIME.
ORA-01841: (full) year must be between -4713 and +9999, and not be 0

Record 244: Rejected - Error on table BATCH_NAME_UPDATE, column PROCESS_TIME.
ORA-01841: (full) year must be between -4713 and +9999, and not be 0

Record 250: Rejected - Error on table BATCH_NAME_UPDATE, column PROCESS_TIME.
ORA-01841: (full) year must be between -4713 and +9999, and not be 0

Record 258: Rejected - Error on table BATCH_NAME_UPDATE, column PROCESS_TIME.
ORA-01841: (full) year must be between -4713 and +9999, and not be 0

Record 289: Rejected - Error on table BATCH_NAME_UPDATE, column PROCESS_TIME.
ORA-01841: (full) year must be between -4713 and +9999, and not be 0

Record 317: Rejected - Error on table BATCH_NAME_UPDATE, column PROCESS_TIME.
ORA-01841: (full) year must be between -4713 and +9999, and not be 0

Record 333: Rejected - Error on table BATCH_NAME_UPDATE, column PROCESS_TIME.
ORA-01841: (full) year must be between -4713 and +9999, and not be 0

Record 375: Rejected - Error on table BATCH_NAME_UPDATE, column PROCESS_TIME.
ORA-01841: (full) year must be between -4713 and +9999, and not be 0

Record 381: Rejected - Error on table BATCH_NAME_UPDATE, column PROCESS_TIME.
ORA-01841: (full) year must be between -4713 and +9999, and not be 0

Record 386: Rejected - Error on table BATCH_NAME_UPDATE, column PROCESS_TIME.
ORA-01841: (full) year must be between -4713 and +9999, and not be 0

Record 403: Rejected - Error on table BATCH_NAME_UPDATE, column PROCESS_TIME.
ORA-01841: (full) year must be between -4713 and +9999, and not be 0

Record 413: Rejected - Error on table BATCH_NAME_UPDATE, column PROCESS_TIME.
ORA-01841: (full) year must be between -4713 and +9999, and not be 0

Record 417: Rejected - Error on table BATCH_NAME_UPDATE, column PROCESS_TIME.
ORA-01841: (full) year must be between -4713 and +9999, and not be 0

Record 451: Rejected - Error on table BATCH_NAME_UPDATE, column PROCESS_TIME.
ORA-01841: (full) year must be between -4713 and +9999, and not be 0


Table BATCH_NAME_UPDATE:
  445 Rows successfully loaded.
  23 Rows not loaded due to data errors.
  0 Rows not loaded because all WHEN clauses were failed.
  0 Rows not loaded because all fields were null.


Space allocated for bind array:                1046448 bytes(169 rows)
Read   buffer bytes: 1048576

Total logical records skipped:          0
Total logical records read:           468
Total logical records rejected:        23
Total logical records discarded:        0

Run began on Fri Nov 25 15:42:41 2022
Run ended on Fri Nov 25 15:42:46 2022

Elapsed time was:     00:00:05.23
CPU time was:         00:00:00.09
