
SQL*Loader: Release 11.2.0.1.0 - Production on On Okt 30 15:07:42 2019

Copyright (c) 1982, 2009, Oracle and/or its affiliates.  All rights reserved.

Control File:   hgu_response.ctl
Data File:      Batch_Ban_Level_Socs.2019.10.30.07.txt
  Bad File:     Batch_Ban_Level_Socs.2019.10.30.07.bad
  Discard File:  none specified
 
 (Allow all discards)

Number to load: ALL
Number to skip: 0
Errors allowed: 0
Bind array:     64 rows, maximum of 256000 bytes
Continuation:    none specified
Path used:      Conventional

Table BAN_LEVEL_SOCS_TRX, loaded from every logical record.
Insert option in effect for this table: APPEND
TRAILING NULLCOLS option in effect

   Column Name                  Position   Len  Term Encl Datatype
------------------------------ ---------- ----- ---- ---- ---------------------
TRANS_NUMBER                        FIRST     *   ;  O(") CHARACTER            
BAN                                  NEXT     *   ;  O(") CHARACTER            
SOC                                  NEXT     *   ;  O(") CHARACTER            
ACTION_CODE                          NEXT     *   ;  O(") CHARACTER            
DEALER_CODE                          NEXT     *   ;  O(") CHARACTER            
SALES_AGENT                          NEXT     *   ;  O(") CHARACTER            
MEMO_TEXT                            NEXT     *   ;  O(") CHARACTER            
ENTER_TIME                           NEXT     *   ;  O(") CHARACTER            
REQUEST_TIME                         NEXT     *   ;  O(") DATE YYYY-MM-DD HH24:MI
PROCESS_TIME                         NEXT     *   ;  O(") CHARACTER            
PROCESS_STATUS                       NEXT     *   ;  O(") CHARACTER            
REQUEST_ID                           NEXT     *   ;  O(") CHARACTER            
STATUS_DESC                          NEXT     *   ;  O(") CHARACTER            


Table BAN_LEVEL_SOCS_TRX:
  825 Rows successfully loaded.
  0 Rows not loaded due to data errors.
  0 Rows not loaded because all WHEN clauses were failed.
  0 Rows not loaded because all fields were null.


Space allocated for bind array:                 214656 bytes(64 rows)
Read   buffer bytes: 1048576

Total logical records skipped:          0
Total logical records read:           825
Total logical records rejected:         0
Total logical records discarded:        0

Run began on On Okt 30 15:07:42 2019
Run ended on On Okt 30 15:07:48 2019

Elapsed time was:     00:00:06.24
CPU time was:         00:00:00.11
