
SQL*Loader: Release 19.0.0.0.0 - Production on Thu Mar 31 16:32:38 2022
Version 19.3.0.0.0

Copyright (c) 1982, 2019, Oracle and/or its affiliates.  All rights reserved.

Control File:   runloader.ctl
Character Set UTF8 specified for all input.

Data File:      2022-03-31.Add.WBPY.TRVE0622.txt
  Bad File:     runloader.bad
  Discard File:  none specified
 
 (Allow all discards)

Number to load: ALL
Number to skip: 0
Errors allowed: 50
Bind array:     250 rows, maximum of 1048576 bytes
Continuation:    none specified
Path used:      Conventional

Table BATCH_ADD_SOC_W_EXP_DATE, loaded from every logical record.
Insert option in effect for this table: APPEND
TRAILING NULLCOLS option in effect

   Column Name                  Position   Len  Term Encl Datatype
------------------------------ ---------- ----- ---- ---- ---------------------
SUBSCRIBER_NO                       FIRST     *   ;  O(") CHARACTER            
SOC                                  NEXT     *   ;  O(") CHARACTER            
EXPIRATION_DATE                      NEXT     *   ;  O(") DATE YYYY-MM-DD HH24:MI
PARAMETERS                           NEXT     *   ;  O(") CHARACTER            
DEALER                               NEXT     *   ;  O(") CHARACTER            
MEMO                                 NEXT     *   ;  O(") CHARACTER            
REQUEST_ID                           NEXT     *   ;  O(") CHARACTER            
ENTER_TIME                           NEXT     *   ;  O(") CHARACTER            
REQUEST_TIME                         NEXT     *   ;  O(") DATE YYYY-MM-DD HH24:MI
PROCESS_TIME                         NEXT     *   ;  O(") CHARACTER            
PROCESS_STATUS                       NEXT     *   ;  O(") CHARACTER            
STATUS_DESC                          NEXT     *   ;  O(") CHARACTER            


Table BATCH_ADD_SOC_W_EXP_DATE:
  6838 Rows successfully loaded.
  0 Rows not loaded due to data errors.
  0 Rows not loaded because all WHEN clauses were failed.
  0 Rows not loaded because all fields were null.


Space allocated for bind array:                 774000 bytes(250 rows)
Read   buffer bytes: 1048576

Total logical records skipped:          0
Total logical records read:          6838
Total logical records rejected:         0
Total logical records discarded:        0

Run began on Thu Mar 31 16:32:38 2022
Run ended on Thu Mar 31 16:32:41 2022

Elapsed time was:     00:00:02.38
CPU time was:         00:00:00.14
