
SQL*Loader: Release 9.2.0.4.0 - Production on Tue Jun 9 15:43:41 2009

Copyright (c) 1982, 2002, Oracle Corporation.  All rights reserved.

Control File:   hgu_tmp_replace.ctl
Data File:      Replace.mpodvs2.ahv.2009-06-09.txt
  Bad File:     Replace.mpodvs2.ahv.2009-06-09.bad
  Discard File:  none specified
 
 (Allow all discards)

Number to load: ALL
Number to skip: 0
Errors allowed: 50
Bind array:     64 rows, maximum of 256000 bytes
Continuation:    none specified
Path used:      Conventional

Table HGU_TMP_REPLACE, loaded from every logical record.
Insert option in effect for this table: APPEND
TRAILING NULLCOLS option in effect

   Column Name                  Position   Len  Term Encl Datatype
------------------------------ ---------- ----- ---- ---- ---------------------
SUBSCRIBER_NO                       FIRST     *   ;  O(") CHARACTER            
SOC_OLD                              NEXT     *   ;  O(") CHARACTER            
SOC_NEW                              NEXT     *   ;  O(") CHARACTER            
REQUEST_TIME                         NEXT     *   ;  O(") DATE YYYY-MM-DD HH24:MI
PRIORITY                             NEXT     *   ;  O(") CHARACTER            
REQUEST_ID                           NEXT     *   ;  O(") CHARACTER            
MEMO_TEXT                            NEXT     *   ;  O(") CHARACTER            


Table HGU_TMP_REPLACE:
  9070 Rows successfully loaded.
  0 Rows not loaded due to data errors.
  0 Rows not loaded because all WHEN clauses were failed.
  0 Rows not loaded because all fields were null.


Space allocated for bind array:                 115584 bytes(64 rows)
Read   buffer bytes: 1048576

Total logical records skipped:          0
Total logical records read:          9070
Total logical records rejected:         0
Total logical records discarded:        0

Run began on Tue Jun 09 15:43:41 2009
Run ended on Tue Jun 09 15:44:00 2009

Elapsed time was:     00:00:19.02
CPU time was:         00:00:00.31
