
SQL*Loader: Release 9.2.0.4.0 - Production on Fri Apr 30 11:08:55 2010

Copyright (c) 1982, 2002, Oracle Corporation.  All rights reserved.

Control File:   hgu_tmp_trans.ctl
Data File:      TB7B_pilot_Ninja_Batch_Nordan.2010-05-02.txt
  Bad File:     TB7B_pilot_Ninja_Batch_Nordan.2010-05-02.bad
  Discard File:  none specified

 (Allow all discards)

Number to load: ALL
Number to skip: 0
Errors allowed: 50
Bind array:     64 rows, maximum of 256000 bytes
Continuation:    none specified
Path used:      Conventional

Table HGU_TMP_TRANS, loaded from every logical record.
Insert option in effect for this table: APPEND
TRAILING NULLCOLS option in effect

   Column Name                  Position   Len  Term Encl Datatype
------------------------------ ---------- ----- ---- ---- ---------------------
SUBSCRIBER_NO                       FIRST     *   ;  O(") CHARACTER
SOC                                  NEXT     *   ;  O(") CHARACTER
ACTION                               NEXT     *   ;  O(") CHARACTER
REQUEST_TIME                         NEXT     *   ;  O(") DATE YYYY-MM-DD HH24:MI
PRIORITY                             NEXT     *   ;  O(") CHARACTER
REQUEST_ID                           NEXT     *   ;  O(") CHARACTER
MEMO_TEXT                            NEXT     *   ;  O(") CHARACTER


Table HGU_TMP_TRANS:
  446 Rows successfully loaded.
  0 Rows not loaded due to data errors.
  0 Rows not loaded because all WHEN clauses were failed.
  0 Rows not loaded because all fields were null.


Space allocated for bind array:                 115584 bytes(64 rows)
Read   buffer bytes: 1048576

Total logical records skipped:          0
Total logical records read:           446
Total logical records rejected:         0
Total logical records discarded:        0

Run began on Fri Apr 30 11:08:55 2010
Run ended on Fri Apr 30 11:08:55 2010

Elapsed time was:     00:00:00.61
CPU time was:         00:00:00.05
