
SQL*Loader: Release 8.1.7.0.0 - Production on Tue Jul 11 12:15:58 2006

(c) Copyright 2000 Oracle Corporation.  All rights reserved.

Control File:   mw_tmp_trans.ctl
Data File:      Chg.mctbx.sim.2006-07-11.txt
  Bad File:     Chg.mctbx.sim.2006-07-11.bad
  Discard File:  none specified

 (Allow all discards)

Number to load: ALL
Number to skip: 0
Errors allowed: 50
Bind array:     64 rows, maximum of 65536 bytes
Continuation:    none specified
Path used:      Conventional

Table MW_TMP_TRANS, loaded from every logical record.
Insert option in effect for this table: APPEND
TRAILING NULLCOLS option in effect

   Column Name                  Position   Len  Term Encl Datatype
------------------------------ ---------- ----- ---- ---- ---------------------
SUBSCRIBER_NO                       FIRST     *   ;  O(") CHARACTER
SOC                                  NEXT     *   ;  O(") CHARACTER
ACTION                               NEXT     *   ;  O(") CHARACTER
FEATURE                              NEXT     *   ;  O(") CHARACTER
PARAMETER                            NEXT     *   ;  O(") CHARACTER
PARM_VALUE                           NEXT     *   ;  O(") CHARACTER
REQUEST_ID                           NEXT     *   ;  O(") CHARACTER
MEMO_TEXT                            NEXT     *   ;  O(") CHARACTER
FEATURE2                             NEXT     *   ;  O(") CHARACTER
PARAMETER2                           NEXT     *   ;  O(") CHARACTER
PARM_VALUE2                          NEXT     *   ;  O(") CHARACTER
FEATURE3                             NEXT     *   ;  O(") CHARACTER
PARAMETER3                           NEXT     *   ;  O(") CHARACTER
PARM_VALUE3                          NEXT     *   ;  O(") CHARACTER
FEATURE4                             NEXT     *   ;  O(") CHARACTER
PARAMETER4                           NEXT     *   ;  O(") CHARACTER
PARM_VALUE4                          NEXT     *   ;  O(") CHARACTER


Table MW_TMP_TRANS:
  616 Rows successfully loaded.
  0 Rows not loaded due to data errors.
  0 Rows not loaded because all WHEN clauses were failed.
  0 Rows not loaded because all fields were null.


Space allocated for bind array:                  61404 bytes(14 rows)
Space allocated for memory besides bind array:        0 bytes

Total logical records skipped:          0
Total logical records read:           616
Total logical records rejected:         0
Total logical records discarded:        0

Run began on Tue Jul 11 12:15:58 2006
Run ended on Tue Jul 11 12:15:59 2006

Elapsed time was:     00:00:00.78
CPU time was:         00:00:00.07
