
SQL*Loader: Release 19.0.0.0.0 - Production on Fri Jun 4 10:15:27 2021
Version 19.3.0.0.0

Copyright (c) 1982, 2019, Oracle and/or its affiliates.  All rights reserved.

Control File:   batch_ban_home_phone_number_loader.ctl
Character Set WE8MSWIN1252 specified for all input.

Data File:      2021-06-04.ebh9892.txt
  Bad File:     2021-06-04.ebh9892.bad
  Discard File:  none specified
 
 (Allow all discards)

Number to load: ALL
Number to skip: 0
Errors allowed: 50
Bind array:     250 rows, maximum of 1048576 bytes
Continuation:    none specified
Path used:      Conventional

Table BATCH_BAN_HOME_PHONE_NO_UPDATE, loaded from every logical record.
Insert option in effect for this table: APPEND
TRAILING NULLCOLS option in effect

   Column Name                  Position   Len  Term Encl Datatype
------------------------------ ---------- ----- ---- ---- ---------------------
BAN_NO                              FIRST     *   ;  O(") CHARACTER            
HOME_PHONE_NO                        NEXT     *   ;  O(") CHARACTER            
PROCESS_TIME                         NEXT     *   ;  O(") CHARACTER            
STATUS_DESC                          NEXT     *   ;  O(") CHARACTER            
REQUEST_ID                           NEXT     *   ;  O(") CHARACTER            
REQUEST_USER_ID                      NEXT     *   ;  O(") CHARACTER            
PROCESS_STATUS                       NEXT     *   ;  O(") CHARACTER            


Table BATCH_BAN_HOME_PHONE_NO_UPDATE:
  337 Rows successfully loaded.
  0 Rows not loaded due to data errors.
  0 Rows not loaded because all WHEN clauses were failed.
  0 Rows not loaded because all fields were null.


Space allocated for bind array:                 451500 bytes(250 rows)
Read   buffer bytes: 1048576

Total logical records skipped:          0
Total logical records read:           337
Total logical records rejected:         0
Total logical records discarded:        0

Run began on Fri Jun 04 10:15:27 2021
Run ended on Fri Jun 04 10:15:28 2021

Elapsed time was:     00:00:00.99
CPU time was:         00:00:00.03
