
SQL*Loader: Release 11.2.0.1.0 - Production on Fr Aug 9 12:55:06 2019

Copyright (c) 1982, 2009, Oracle and/or its affiliates.  All rights reserved.

Control File:   batch_ban_bill_due_day_loader.ctl
Character Set WE8MSWIN1252 specified for all input.

Data File:      Batch_Ban_Bill_Due_day_Update.2019.08.09.02.txt
  Bad File:     batch_ban_bill_due_day_loader.bad
  Discard File:  none specified
 
 (Allow all discards)

Number to load: ALL
Number to skip: 0
Errors allowed: 50
Bind array:     64 rows, maximum of 256000 bytes
Continuation:    none specified
Path used:      Conventional

Table BATCH_BAN_BILL_DUE_DAY_UPDATE, loaded from every logical record.
Insert option in effect for this table: APPEND
TRAILING NULLCOLS option in effect

   Column Name                  Position   Len  Term Encl Datatype
------------------------------ ---------- ----- ---- ---- ---------------------
BAN_NO                              FIRST     *   ;  O(") CHARACTER            
SUBSCRIBER_NO                        NEXT     *   ;  O(") CHARACTER            
BILL_DUE_DAY                         NEXT     *   ;  O(") CHARACTER            
PROCESS_STATUS                       NEXT     *   ;  O(") CHARACTER            
PROCESS_TIME                         NEXT     *   ;  O(") CHARACTER            
STATUS_DESC                          NEXT     *   ;  O(") CHARACTER            
RECORD_CREATION_DATE                 NEXT     *   ;  O(") CHARACTER            
REQUEST_ID                           NEXT     *   ;  O(") CHARACTER            
REQUEST_USER_ID                      NEXT     *   ;  O(") CHARACTER            


Table BATCH_BAN_BILL_DUE_DAY_UPDATE:
  554 Rows successfully loaded.
  0 Rows not loaded due to data errors.
  0 Rows not loaded because all WHEN clauses were failed.
  0 Rows not loaded because all fields were null.


Space allocated for bind array:                 148608 bytes(64 rows)
Read   buffer bytes: 1048576

Total logical records skipped:          0
Total logical records read:           554
Total logical records rejected:         0
Total logical records discarded:        0

Run began on Fr Aug 09 12:55:06 2019
Run ended on Fr Aug 09 12:55:10 2019

Elapsed time was:     00:00:04.34
CPU time was:         00:00:00.06
