
SQL*Loader: Release 9.2.0.4.0 - Production on Fri Nov 27 13:03:30 2009

Copyright (c) 1982, 2002, Oracle Corporation.  All rights reserved.

Control File:   load.txt
Data File:      Adj.upfr12.salgut.nis.led.2009-11-27.txt
  Bad File:     bad.txt
  Discard File:  none specified

 (Allow all discards)

Number to load: ALL
Number to skip: 0
Errors allowed: 50
Bind array:     64 rows, maximum of 256000 bytes
Continuation:    none specified
Path used:      Conventional

Table BATCH_ADJUSTMENT_ADDITION, loaded from every logical record.
Insert option in effect for this table: APPEND
TRAILING NULLCOLS option in effect

   Column Name                  Position   Len  Term Encl Datatype
------------------------------ ---------- ----- ---- ---- ---------------------
BAN_NO                              FIRST     *   ;  O(") CHARACTER
SUBSCRIBER_NO                        NEXT     *   ;  O(") CHARACTER
ADJUSTMENT_CODE                      NEXT     *   ;  O(") CHARACTER
MEMO_TEXT                            NEXT     *   ;  O(") CHARACTER
USER_BILL_TEXT                       NEXT     *   ;  O(") CHARACTER
AMOUNT                               NEXT     *   ;  O(") CHARACTER
PROCESS_STATUS                       NEXT     *   ;  O(") CHARACTER
PROCESS_TIME                         NEXT     *   ;  O(") CHARACTER
STATUS_DESC                          NEXT     *   ;  O(") CHARACTER
RECORD_CREATION_DATE                 NEXT     *   ;  O(") CHARACTER
REQUEST_ID                           NEXT     *   ;  O(") CHARACTER
STREAM                               NEXT     *   ;  O(") CHARACTER
REQUEST_USER_ID                      NEXT     *   ;  O(") CHARACTER
EFFECTIVE_DATE                       NEXT     *   ;  O(") CHARACTER

Record 613: Rejected - Error on table BATCH_ADJUSTMENT_ADDITION, column AMOUNT.
ORA-01722: invalid number

Record 614: Rejected - Error on table BATCH_ADJUSTMENT_ADDITION, column AMOUNT.
ORA-01722: invalid number

Record 615: Rejected - Error on table BATCH_ADJUSTMENT_ADDITION, column AMOUNT.
ORA-01722: invalid number

Record 616: Rejected - Error on table BATCH_ADJUSTMENT_ADDITION, column AMOUNT.
ORA-01722: invalid number

Record 617: Rejected - Error on table BATCH_ADJUSTMENT_ADDITION, column AMOUNT.
ORA-01722: invalid number

Record 618: Rejected - Error on table BATCH_ADJUSTMENT_ADDITION, column AMOUNT.
ORA-01722: invalid number

Record 619: Rejected - Error on table BATCH_ADJUSTMENT_ADDITION, column AMOUNT.
ORA-01722: invalid number

Record 620: Rejected - Error on table BATCH_ADJUSTMENT_ADDITION, column AMOUNT.
ORA-01722: invalid number

Record 621: Rejected - Error on table BATCH_ADJUSTMENT_ADDITION, column AMOUNT.
ORA-01722: invalid number

Record 622: Rejected - Error on table BATCH_ADJUSTMENT_ADDITION, column AMOUNT.
ORA-01722: invalid number

Record 623: Rejected - Error on table BATCH_ADJUSTMENT_ADDITION, column AMOUNT.
ORA-01722: invalid number

Record 624: Rejected - Error on table BATCH_ADJUSTMENT_ADDITION, column AMOUNT.
ORA-01722: invalid number

Record 625: Rejected - Error on table BATCH_ADJUSTMENT_ADDITION, column AMOUNT.
ORA-01722: invalid number

Record 626: Rejected - Error on table BATCH_ADJUSTMENT_ADDITION, column AMOUNT.
ORA-01722: invalid number

Record 627: Rejected - Error on table BATCH_ADJUSTMENT_ADDITION, column AMOUNT.
ORA-01722: invalid number

Record 628: Rejected - Error on table BATCH_ADJUSTMENT_ADDITION, column AMOUNT.
ORA-01722: invalid number

Record 629: Rejected - Error on table BATCH_ADJUSTMENT_ADDITION, column AMOUNT.
ORA-01722: invalid number

Record 630: Rejected - Error on table BATCH_ADJUSTMENT_ADDITION, column AMOUNT.
ORA-01722: invalid number

Record 631: Rejected - Error on table BATCH_ADJUSTMENT_ADDITION, column AMOUNT.
ORA-01722: invalid number


Table BATCH_ADJUSTMENT_ADDITION:
  809 Rows successfully loaded.
  19 Rows not loaded due to data errors.
  0 Rows not loaded because all WHEN clauses were failed.
  0 Rows not loaded because all fields were null.


Space allocated for bind array:                 231168 bytes(64 rows)
Read   buffer bytes: 1048576

Total logical records skipped:          0
Total logical records read:           828
Total logical records rejected:        19
Total logical records discarded:        0

Run began on Fri Nov 27 13:03:30 2009
Run ended on Fri Nov 27 13:03:39 2009

Elapsed time was:     00:00:09.45
CPU time was:         00:00:00.06
