
SQL*Loader: Release 9.2.0.4.0 - Production on Fri May 29 10:30:40 2009

Copyright (c) 1982, 2002, Oracle Corporation.  All rights reserved.

Control File:   load.txt
Data File:      Adj.upfr12.nis.2009-05-29.txt
  Bad File:     bad.txt
  Discard File:  none specified

 (Allow all discards)

Number to load: ALL
Number to skip: 0
Errors allowed: 50
Bind array:     64 rows, maximum of 256000 bytes
Continuation:    none specified
Path used:      Conventional

Table BATCH_ADJUSTMENT_ADDITION, loaded from every logical record.
Insert option in effect for this table: APPEND
TRAILING NULLCOLS option in effect

   Column Name                  Position   Len  Term Encl Datatype
------------------------------ ---------- ----- ---- ---- ---------------------
BAN_NO                              FIRST     *   ;  O(") CHARACTER
SUBSCRIBER_NO                        NEXT     *   ;  O(") CHARACTER
ADJUSTMENT_CODE                      NEXT     *   ;  O(") CHARACTER
MEMO_TEXT                            NEXT     *   ;  O(") CHARACTER
USER_BILL_TEXT                       NEXT     *   ;  O(") CHARACTER
AMOUNT                               NEXT     *   ;  O(") CHARACTER
PROCESS_STATUS                       NEXT     *   ;  O(") CHARACTER
PROCESS_TIME                         NEXT     *   ;  O(") CHARACTER
STATUS_DESC                          NEXT     *   ;  O(") CHARACTER
RECORD_CREATION_DATE                 NEXT     *   ;  O(") CHARACTER
REQUEST_ID                           NEXT     *   ;  O(") CHARACTER
STREAM                               NEXT     *   ;  O(") CHARACTER
REQUEST_USER_ID                      NEXT     *   ;  O(") CHARACTER
EFFECTIVE_DATE                       NEXT     *   ;  O(") CHARACTER

Record 356: Rejected - Error on table BATCH_ADJUSTMENT_ADDITION, column AMOUNT.
ORA-01722: invalid number

Record 373: Rejected - Error on table BATCH_ADJUSTMENT_ADDITION, column AMOUNT.
ORA-01722: invalid number

Record 379: Rejected - Error on table BATCH_ADJUSTMENT_ADDITION, column AMOUNT.
ORA-01722: invalid number

Record 394: Rejected - Error on table BATCH_ADJUSTMENT_ADDITION, column AMOUNT.
ORA-01722: invalid number


Table BATCH_ADJUSTMENT_ADDITION:
  454 Rows successfully loaded.
  4 Rows not loaded due to data errors.
  0 Rows not loaded because all WHEN clauses were failed.
  0 Rows not loaded because all fields were null.


Space allocated for bind array:                 231168 bytes(64 rows)
Read   buffer bytes: 1048576

Total logical records skipped:          0
Total logical records read:           458
Total logical records rejected:         4
Total logical records discarded:        0

Run began on Fri May 29 10:30:40 2009
Run ended on Fri May 29 10:30:43 2009

Elapsed time was:     00:00:02.25
CPU time was:         00:00:00.03
