
SQL*Loader: Release 9.2.0.4.0 - Production on Mon May 19 09:57:52 2008

Copyright (c) 1982, 2002, Oracle Corporation.  All rights reserved.

Control File:   mw_tmp_trans.ctl
Data File:      Add.mctbfree.tb-team.2008-05-19.txt
  Bad File:     Add.mctbfree.tb-team.2008-05-19.bad
  Discard File:  none specified

 (Allow all discards)

Number to load: ALL
Number to skip: 0
Errors allowed: 50
Bind array:     64 rows, maximum of 256000 bytes
Continuation:    none specified
Path used:      Conventional

Table MW_TMP_TRANS, loaded from every logical record.
Insert option in effect for this table: APPEND
TRAILING NULLCOLS option in effect

   Column Name                  Position   Len  Term Encl Datatype
------------------------------ ---------- ----- ---- ---- ---------------------
SUBSCRIBER_NO                       FIRST     *   ;  O(") CHARACTER
SOC                                  NEXT     *   ;  O(") CHARACTER
ACTION                               NEXT     *   ;  O(") CHARACTER
FEATURE                              NEXT     *   ;  O(") CHARACTER
PARAMETER                            NEXT     *   ;  O(") CHARACTER
PARM_VALUE                           NEXT     *   ;  O(") CHARACTER
REQUEST_ID                           NEXT     *   ;  O(") CHARACTER
MEMO_TEXT                            NEXT     *   ;  O(") CHARACTER
FEATURE2                             NEXT     *   ;  O(") CHARACTER
PARAMETER2                           NEXT     *   ;  O(") CHARACTER
PARM_VALUE2                          NEXT     *   ;  O(") CHARACTER
FEATURE3                             NEXT     *   ;  O(") CHARACTER
PARAMETER3                           NEXT     *   ;  O(") CHARACTER
PARM_VALUE3                          NEXT     *   ;  O(") CHARACTER
FEATURE4                             NEXT     *   ;  O(") CHARACTER
PARAMETER4                           NEXT     *   ;  O(") CHARACTER
PARM_VALUE4                          NEXT     *   ;  O(") CHARACTER


Table MW_TMP_TRANS:
  233 Rows successfully loaded.
  0 Rows not loaded due to data errors.
  0 Rows not loaded because all WHEN clauses were failed.
  0 Rows not loaded because all fields were null.


Space allocated for bind array:                 254388 bytes(58 rows)
Read   buffer bytes: 1048576

Total logical records skipped:          0
Total logical records read:           233
Total logical records rejected:         0
Total logical records discarded:        0

Run began on Mon May 19 09:57:52 2008
Run ended on Mon May 19 09:57:52 2008

Elapsed time was:     00:00:00.34
CPU time was:         00:00:00.05
